[undefined] INFO : Incoming request: GET /.well-known/appspecific/com.chrome.devtools.json
[undefined] INFO : Incoming request: GET /.well-known/appspecific/com.chrome.devtools.json
[undefined] INFO : Incoming request: POST /signup
[undefined] INFO : Incoming request: GET /favicon.ico
[undefined] INFO : Incoming request: POST /signup
[2026-01-19 14:01:35] INFO : Incoming request: POST /signup
[2026-01-19 14:01:59] INFO : Incoming request: POST /signup
[2026-01-19 14:01:26] INFO : Incoming request: POST /signup
[2026-01-19 14:01:32] INFO : Incoming request: POST /signup
[2026-01-19 14:01:61] INFO : Incoming request: GET /.well-known/appspecific/com.chrome.devtools.json
[2026-01-19 15:01:64] INFO : Incoming request: GET /src/output.css
[2026-01-19 15:01:45] INFO : Incoming request: GET /src/output.css
[2026-01-19 15:01:73] INFO : Incoming request: GET /src/output.css
[2026-01-19 15:01:93] INFO : Incoming request: GET /src/output.css
[2026-01-19 15:01:05] INFO : Incoming request: GET /src/output.css
[2026-01-19 15:01:20] INFO : Incoming request: GET /src/output.css
[2026-01-19 15:01:35] INFO : Incoming request: GET /src/output.css
[2026-01-19 15:01:97] INFO : Incoming request: GET /src/output.css
[2026-01-19 15:01:26] INFO : Incoming request: GET /src/output.css
[2026-01-19 15:01:34] INFO : Incoming request: GET /src/output.css
[2026-01-19 15:01:37] INFO : Incoming request: GET /favicon.ico
[2026-01-19 15:01:19] INFO : Incoming request: GET /src/style.css
[2026-01-19 15:01:62] INFO : Incoming request: GET /src/style.css
[2026-01-19 15:01:80] INFO : Incoming request: GET /src/style.css
[2026-01-19 15:01:93] INFO : Incoming request: GET /src/style.css
[2026-01-19 15:01:89] INFO : Incoming request: GET /src/style.css
[2026-01-19 15:01:34] INFO : Incoming request: GET /src/style.css
[2026-01-19 15:01:52] INFO : Incoming request: GET /src/style.css
[2026-01-19 15:01:68] INFO : Incoming request: GET /src/style.css
[2026-01-19 15:01:87] INFO : Incoming request: GET /src/style.css
[2026-01-19 15:01:07] INFO : Incoming request: GET /src/style.css
[2026-01-19 15:01:51] INFO : Incoming request: GET /src/style.css
[2026-01-19 15:01:77] INFO : Incoming request: GET /src/style.css
[2026-01-19 15:01:37] INFO : Incoming request: GET /public/style.css
[2026-01-19 15:01:82] INFO : Incoming request: GET /public/style.css
[2026-01-19 15:01:37] INFO : Incoming request: GET /public/style.css
[2026-01-19 15:01:62] INFO : Incoming request: GET /public/style.css
[2026-01-19 15:01:75] INFO : Incoming request: GET /public/style.css
[2026-01-19 15:01:88] INFO : Incoming request: GET /public/style.css
[2026-01-19 15:01:03] INFO : Incoming request: GET /public/style.css
[2026-01-19 15:01:20] INFO : Incoming request: GET /public/style.css
[2026-01-19 15:01:24] INFO : Incoming request: GET /public/style.css
[2026-01-19 15:01:52] INFO : Incoming request: GET /public/style.css
[2026-01-19 15:01:55] INFO : Incoming request: GET /favicon.ico
[2026-01-19 15:01:72] INFO : Incoming request: GET /public/style.css
[2026-01-19 15:01:07] INFO : Incoming request: GET /public/style.css
[2026-01-19 15:01:67] INFO : Incoming request: GET /public/style.css
[2026-01-19 15:01:07] INFO : Incoming request: GET /public/style.css
[2026-01-19 15:01:22] INFO : Incoming request: GET /public/style.css
[2026-01-19 15:01:32] INFO : Incoming request: GET /public/style.css
[2026-01-19 15:01:69] INFO : Incoming request: GET /public/style.css
[2026-01-19 15:01:09] INFO : Incoming request: GET /public/style.css
[2026-01-19 15:01:33] INFO : Incoming request: GET /public/style.css
[2026-01-19 15:01:54] INFO : Incoming request: GET /public/style.css
[2026-01-19 15:01:72] INFO : Incoming request: GET /public/style.css
[2026-01-19 15:01:92] INFO : Incoming request: GET /public/style.css
[2026-01-19 15:01:12] INFO : Incoming request: GET /public/style.css
[2026-01-19 15:01:33] INFO : Incoming request: GET /public/style.css
[2026-01-19 15:01:52] INFO : Incoming request: GET /public/style.css
[2026-01-19 15:01:76] INFO : Incoming request: GET /public/style.css
[2026-01-19 15:01:13] INFO : Incoming request: GET /public/style.css
[2026-01-19 15:01:34] INFO : Incoming request: GET /public/style.css
[2026-01-19 15:01:47] INFO : Incoming request: GET /public/style.css
[2026-01-19 15:01:62] INFO : Incoming request: GET /public/style.css
[2026-01-19 15:01:79] INFO : Incoming request: GET /public/style.css
[2026-01-19 15:01:92] INFO : Incoming request: GET /public/style.css
[2026-01-19 15:01:05] INFO : Incoming request: GET /public/style.css
[2026-01-19 15:01:22] INFO : Incoming request: GET /public/style.css
[2026-01-19 15:01:39] INFO : Incoming request: GET /public/style.css
[2026-01-19 15:01:56] INFO : Incoming request: GET /public/style.css
[2026-01-19 15:01:69] INFO : Incoming request: GET /public/style.css
[2026-01-19 15:01:84] INFO : Incoming request: GET /public/style.css
[2026-01-19 15:01:96] INFO : Incoming request: GET /public/style.css
[2026-01-19 15:01:09] INFO : Incoming request: GET /public/style.css
[2026-01-19 15:01:09] INFO : Incoming request: POST /signup
[2026-01-19 17:01:26] INFO : Incoming request: GET /.well-known/appspecific/com.chrome.devtools.json
[2026-01-19 17:01:14] INFO : Incoming request: GET /.well-known/appspecific/com.chrome.devtools.json
[2026-01-19 17:01:28] INFO : Incoming request: GET /.well-known/appspecific/com.chrome.devtools.json
[2026-01-19 17:01:07] INFO : Incoming request: GET /.well-known/appspecific/com.chrome.devtools.json
[2026-01-19 17:01:22] INFO : Incoming request: GET /.well-known/appspecific/com.chrome.devtools.json
[2026-01-19 17:01:59] INFO : Incoming request: POST /signup
[2026-01-19 17:01:32] INFO : Incoming request: POST /signup
[2026-01-19 17:01:48] INFO : Incoming request: POST /signup
[2026-01-19 17:01:02] INFO : Incoming request: GET /.well-known/appspecific/com.chrome.devtools.json
[2026-01-19 17:01:32] INFO : Incoming request: POST /signup
[2026-01-19 17:01:88] INFO : Incoming request: GET /.well-known/appspecific/com.chrome.devtools.json
[2026-01-19 17:01:87] INFO : Incoming request: GET /.well-known/appspecific/com.chrome.devtools.json
[2026-01-19 17:01:93] INFO : Incoming request: POST /signup
[2026-01-19 17:01:99] INFO : Incoming request: GET /.well-known/appspecific/com.chrome.devtools.json
[2026-01-19 17:01:89] INFO : Incoming request: POST /signup
[2026-01-19 17:01:89] INFO : Incoming request: GET /.well-known/appspecific/com.chrome.devtools.json
[2026-01-19 17:01:66] INFO : Incoming request: POST /signup
[2026-01-19 17:01:66] INFO : Incoming request: GET /.well-known/appspecific/com.chrome.devtools.json
[2026-01-19 17:01:99] INFO : Incoming request: POST /signup
[2026-01-19 17:01:84] INFO : Incoming request: POST /signup
[2026-01-19 17:01:13] INFO : Incoming request: GET /.well-known/appspecific/com.chrome.devtools.json
[2026-01-19 17:01:12] INFO : Incoming request: POST /signup
[2026-01-19 17:01:44] INFO : Incoming request: GET /.well-known/appspecific/com.chrome.devtools.json
[2026-01-19 17:01:22] INFO : Incoming request: POST /signup
[2026-01-19 17:01:42] INFO : Incoming request: GET /.well-known/appspecific/com.chrome.devtools.json
[2026-01-19 17:01:73] INFO : Incoming request: POST /signup
[2026-01-19 17:01:65] INFO : Incoming request: GET /.well-known/appspecific/com.chrome.devtools.json
[2026-01-19 17:01:12] INFO : Incoming request: POST /signup
[2026-01-19 17:01:82] INFO : Incoming request: GET /.well-known/appspecific/com.chrome.devtools.json
[2026-01-19 17:01:01] INFO : Incoming request: GET /.well-known/appspecific/com.chrome.devtools.json
[2026-01-19 17:01:21] INFO : Incoming request: GET /.well-known/appspecific/com.chrome.devtools.json
[2026-01-19 17:01:40] INFO : Incoming request: GET /.well-known/appspecific/com.chrome.devtools.json
[2026-01-19 17:01:55] INFO : Incoming request: POST /signup
[2026-01-19 17:01:05] INFO : Incoming request: GET /.well-known/appspecific/com.chrome.devtools.json
[2026-01-19 17:01:94] INFO : Incoming request: POST /signup
[2026-01-19 17:01:49] INFO : Incoming request: GET /.well-known/appspecific/com.chrome.devtools.json
[2026-01-19 17:01:46] INFO : Incoming request: POST /signup
[2026-01-19 17:01:06] INFO : Incoming request: GET /.well-known/appspecific/com.chrome.devtools.json
[2026-01-19 17:01:77] INFO : Incoming request: POST /signup
[2026-01-19 17:01:07] INFO : Incoming request: POST /signup
[2026-01-19 17:01:81] INFO : Incoming request: GET /.well-known/appspecific/com.chrome.devtools.json
[2026-01-19 17:01:02] INFO : Incoming request: POST /signup
[2026-01-19 17:01:27] INFO : Incoming request: GET /.well-known/appspecific/com.chrome.devtools.json
[2026-01-19 17:01:29] INFO : Incoming request: POST /signup
[2026-01-19 17:01:88] INFO : Incoming request: GET /.well-known/appspecific/com.chrome.devtools.json
[2026-01-19 17:01:73] INFO : Incoming request: GET /.well-known/appspecific/com.chrome.devtools.json
[2026-01-19 17:01:20] INFO : Incoming request: POST /signup
[2026-01-19 17:01:30] INFO : Incoming request: POST /signup
[2026-01-19 17:01:68] INFO : Incoming request: GET /.well-known/appspecific/com.chrome.devtools.json
[2026-01-19 17:01:08] INFO : Incoming request: POST /signup
[2026-01-19 17:01:97] INFO : Incoming request: GET /.well-known/appspecific/com.chrome.devtools.json
[2026-01-19 17:01:44] INFO : Incoming request: POST /signup
[2026-01-19 17:01:46] INFO : Incoming request: GET /.well-known/appspecific/com.chrome.devtools.json
[2026-01-19 17:01:99] INFO : Incoming request: POST /signup
[2026-01-19 17:01:24] INFO : Incoming request: POST /signup
[2026-01-19 17:01:00] INFO : Incoming request: POST /signup
[2026-01-19 17:01:82] INFO : Incoming request: POST /signup
[2026-01-19 17:01:23] INFO : Incoming request: POST /signup
[2026-01-19 17:01:92] INFO : Incoming request: GET /.well-known/appspecific/com.chrome.devtools.json
[2026-01-19 17:01:58] INFO : Incoming request: GET /.well-known/appspecific/com.chrome.devtools.json
[2026-01-19 17:01:93] INFO : Incoming request: GET /.well-known/appspecific/com.chrome.devtools.json
[2026-01-19 17:01:09] INFO : Incoming request: GET /.well-known/appspecific/com.chrome.devtools.json
[2026-01-19 17:01:23] INFO : Incoming request: GET /.well-known/appspecific/com.chrome.devtools.json
[2026-01-19 17:01:39] INFO : Incoming request: GET /.well-known/appspecific/com.chrome.devtools.json
[2026-01-19 17:01:29] INFO : Incoming request: GET /.well-known/appspecific/com.chrome.devtools.json
[2026-01-19 17:01:79] INFO : Incoming request: GET /.well-known/appspecific/com.chrome.devtools.json
[2026-01-19 17:01:70] INFO : Incoming request: GET /.well-known/appspecific/com.chrome.devtools.json
[2026-01-19 17:01:57] INFO : Incoming request: POST /signup
[2026-01-19 17:01:21] INFO : Incoming request: GET /.well-known/appspecific/com.chrome.devtools.json
[2026-01-19 17:01:83] INFO : Incoming request: POST /signup
[2026-01-19 17:01:86] INFO : Incoming request: GET /.well-known/appspecific/com.chrome.devtools.json
[2026-01-19 17:01:21] INFO : Incoming request: POST /signup
[2026-01-19 17:01:91] INFO : Incoming request: POST /signup
[2026-01-19 17:01:36] INFO : Incoming request: POST /signup
[2026-01-19 17:01:57] INFO : Incoming request: POST /signup
[2026-01-19 17:01:85] INFO : Incoming request: GET /.well-known/appspecific/com.chrome.devtools.json
[2026-01-19 17:01:83] INFO : Incoming request: GET /.well-known/appspecific/com.chrome.devtools.json
[2026-01-19 17:01:34] INFO : Incoming request: GET /.well-known/appspecific/com.chrome.devtools.json
[2026-01-19 17:01:01] INFO : Incoming request: POST /signup
[2026-01-19 17:01:53] INFO : Incoming request: POST /signup
[2026-01-19 17:01:11] INFO : Incoming request: GET /.well-known/appspecific/com.chrome.devtools.json
[2026-01-19 17:01:54] INFO : Incoming request: POST /signup
[2026-01-19 17:01:57] INFO : Incoming request: POST /signup
[2026-01-19 17:01:98] INFO : Incoming request: GET /.well-known/appspecific/com.chrome.devtools.json
[2026-01-19 17:01:85] INFO : Incoming request: POST /signup
[2026-01-19 17:01:78] INFO : Incoming request: POST /signup
[2026-01-19 18:01:32] INFO : Incoming request: GET /.well-known/appspecific/com.chrome.devtools.json
[2026-01-19 18:01:61] INFO : Incoming request: POST /signup
[2026-01-19 18:01:84] INFO : Incoming request: POST /signup
[2026-01-19 18:01:47] INFO : Incoming request: GET /.well-known/appspecific/com.chrome.devtools.json
[2026-01-19 18:01:82] INFO : Incoming request: POST /signup
[2026-01-19 18:01:31] INFO : Incoming request: POST /signup
[2026-01-19 18:01:98] INFO : Incoming request: POST /signup
[2026-01-19 18:01:81] INFO : Incoming request: GET /.well-known/appspecific/com.chrome.devtools.json
[2026-01-19 18:01:18] INFO : Incoming request: POST /signup
[2026-01-19 18:01:84] INFO : Incoming request: POST /signup
[2026-01-19 18:01:15] INFO : Incoming request: GET /.well-known/appspecific/com.chrome.devtools.json
[2026-01-19 18:01:20] INFO : Incoming request: POST /signup
[2026-01-19 18:01:60] INFO : Incoming request: POST /signup
[2026-01-19 18:01:17] INFO : Incoming request: GET /.well-known/appspecific/com.chrome.devtools.json
[2026-01-19 18:01:64] INFO : Incoming request: POST /signup
[2026-01-19 18:01:87] INFO : Incoming request: POST /signup
[2026-01-19 18:01:53] INFO : Incoming request: POST /signup
[2026-01-20 12:01:91] INFO : Incoming request: GET /favicon.ico
[2026-01-20 12:01:97] INFO : Incoming request: GET /.well-known/appspecific/com.chrome.devtools.json
[2026-01-20 12:01:17] INFO : Incoming request: GET /.well-known/appspecific/com.chrome.devtools.json
[2026-01-20 12:01:79] INFO : Incoming request: POST /signup
[2026-01-20 12:01:56] INFO : Incoming request: POST /signup
[2026-01-20 12:01:56] INFO : Incoming request: POST /signup
[2026-01-20 12:01:93] INFO : Incoming request: POST /signup
[2026-01-20 12:01:74] INFO : Incoming request: GET /.well-known/appspecific/com.chrome.devtools.json
[2026-01-20 12:01:64] INFO : Incoming request: POST /signup
[2026-01-20 12:01:48] INFO : Incoming request: GET /.well-known/appspecific/com.chrome.devtools.json
[2026-01-20 12:01:99] INFO : Incoming request: POST /signup
[2026-01-20 12:01:35] INFO : Incoming request: POST /signup
[2026-01-20 12:01:92] INFO : Incoming request: GET /.well-known/appspecific/com.chrome.devtools.json
[2026-01-20 12:01:00] INFO : Incoming request: POST /signup
[2026-01-20 12:01:51] INFO : Incoming request: POST /signup
[2026-01-20 12:01:74] INFO : Incoming request: GET /.well-known/appspecific/com.chrome.devtools.json
[2026-01-20 12:01:41] INFO : Incoming request: POST /signup
[2026-01-20 12:01:98] INFO : Incoming request: GET /.well-known/appspecific/com.chrome.devtools.json
[2026-01-20 12:01:59] INFO : Incoming request: GET /.well-known/appspecific/com.chrome.devtools.json
[2026-01-20 12:01:49] INFO : Incoming request: POST /signup
[2026-01-20 12:01:60] INFO : Incoming request: GET /.well-known/appspecific/com.chrome.devtools.json
[2026-01-20 12:01:92] INFO : Incoming request: POST /signup
[2026-01-20 12:01:57] INFO : Incoming request: POST /signup
[2026-01-20 12:01:69] INFO : Incoming request: POST /signup
[2026-01-20 12:01:85] INFO : Incoming request: GET /.well-known/appspecific/com.chrome.devtools.json
[2026-01-20 12:01:04] INFO : Incoming request: POST /signup
[2026-01-20 14:01:04] INFO : Incoming request: GET /.well-known/appspecific/com.chrome.devtools.json
[2026-01-20 14:01:09] INFO : Incoming request: POST /signup
[2026-01-20 14:01:21] INFO : Incoming request: GET /.well-known/appspecific/com.chrome.devtools.json
[2026-01-20 14:01:29] INFO : Incoming request: POST /signup
[2026-01-20 14:01:76] INFO : Incoming request: GET /.well-known/appspecific/com.chrome.devtools.json
[2026-01-20 14:01:84] INFO : Incoming request: POST /signup
[2026-01-20 14:01:14] INFO : Incoming request: POST /signup
[2026-01-20 14:01:40] INFO : Incoming request: GET /.well-known/appspecific/com.chrome.devtools.json
[2026-01-20 14:01:48] INFO : Incoming request: POST /signup
[2026-01-20 14:01:33] INFO : Incoming request: POST /signup
[2026-01-20 14:01:22] INFO : Incoming request: GET /.well-known/appspecific/com.chrome.devtools.json
[2026-01-20 14:01:39] INFO : Incoming request: GET /.well-known/appspecific/com.chrome.devtools.json
[2026-01-20 14:01:57] INFO : Incoming request: POST /signup
[2026-01-20 14:01:46] INFO : Incoming request: GET /.well-known/appspecific/com.chrome.devtools.json
[2026-01-20 14:01:78] INFO : Incoming request: POST /signup
[2026-01-20 14:01:47] INFO : Incoming request: GET /.well-known/appspecific/com.chrome.devtools.json
[2026-01-20 14:01:10] INFO : Incoming request: POST /signup
[2026-01-20 14:01:29] INFO : Incoming request: GET /.well-known/appspecific/com.chrome.devtools.json
[2026-01-20 14:01:17] INFO : Incoming request: POST /signup
[2026-01-20 14:01:08] INFO : Incoming request: GET /.well-known/appspecific/com.chrome.devtools.json
[2026-01-20 14:01:01] INFO : Incoming request: GET /.well-known/appspecific/com.chrome.devtools.json
[2026-01-20 14:01:44] INFO : Incoming request: GET /.well-known/appspecific/com.chrome.devtools.json
[2026-01-20 14:01:68] INFO : Incoming request: GET /.well-known/appspecific/com.chrome.devtools.json
[2026-01-20 14:01:95] INFO : Incoming request: GET /.well-known/appspecific/com.chrome.devtools.json
[2026-01-20 14:01:24] INFO : Incoming request: POST /signup
[2026-01-20 14:01:95] INFO : Incoming request: GET /.well-known/appspecific/com.chrome.devtools.json
[2026-01-20 14:01:12] INFO : Incoming request: GET /.well-known/appspecific/com.chrome.devtools.json
[2026-01-20 14:01:62] INFO : Incoming request: POST /signup
[2026-01-20 14:01:86] INFO : Incoming request: GET /.well-known/appspecific/com.chrome.devtools.json
[2026-01-20 14:01:59] INFO : Incoming request: POST /signup
[2026-01-20 15:01:48] INFO : Incoming request: GET /.well-known/appspecific/com.chrome.devtools.json
[2026-01-20 15:01:13] INFO : Incoming request: GET /.well-known/appspecific/com.chrome.devtools.json
[2026-01-20 15:01:43] INFO : Incoming request: GET /.well-known/appspecific/com.chrome.devtools.json
[2026-01-20 15:01:00] INFO : Incoming request: POST /signup
[2026-01-20 15:01:12] INFO : Incoming request: GET /.well-known/appspecific/com.chrome.devtools.json
[2026-01-20 15:01:06] INFO : Incoming request: POST /signup
[2026-01-20 15:01:14] INFO : Incoming request: GET /.well-known/appspecific/com.chrome.devtools.json
[2026-01-20 15:01:15] INFO : Incoming request: POST /signup
[2026-01-20 15:01:22] INFO : Incoming request: GET /.well-known/appspecific/com.chrome.devtools.json
[2026-01-20 15:01:02] INFO : Incoming request: POST /signup
[2026-01-20 15:01:09] INFO : Incoming request: GET /.well-known/appspecific/com.chrome.devtools.json
[2026-01-20 15:01:99] INFO : Incoming request: POST /signup
[2026-01-20 15:01:06] INFO : Incoming request: GET /.well-known/appspecific/com.chrome.devtools.json
[2026-01-20 15:01:77] INFO : Incoming request: POST /signup
[2026-01-20 15:01:83] INFO : Incoming request: GET /.well-known/appspecific/com.chrome.devtools.json
[2026-01-20 15:01:85] INFO : Incoming request: GET /.well-known/appspecific/com.chrome.devtools.json
[2026-01-20 15:01:45] INFO : Incoming request: GET /.well-known/appspecific/com.chrome.devtools.json
[2026-01-20 15:01:87] INFO : Incoming request: GET /.well-known/appspecific/com.chrome.devtools.json
[2026-01-20 15:01:17] INFO : Incoming request: GET /.well-known/appspecific/com.chrome.devtools.json
[2026-01-20 15:01:62] INFO : Incoming request: POST /signup
[2026-01-20 15:01:70] INFO : Incoming request: GET /.well-known/appspecific/com.chrome.devtools.json
[2026-01-20 15:01:49] INFO : Incoming request: POST /signup
[2026-01-20 15:01:53] INFO : Incoming request: GET /.well-known/appspecific/com.chrome.devtools.json
[2026-01-20 15:01:60] INFO : Incoming request: POST /signup
[2026-01-20 15:01:67] INFO : Incoming request: GET /.well-known/appspecific/com.chrome.devtools.json
[2026-01-20 15:01:53] INFO : Incoming request: POST /signup
[2026-01-20 15:01:59] INFO : Incoming request: GET /.well-known/appspecific/com.chrome.devtools.json
[2026-01-20 15:01:28] INFO : Incoming request: POST /signup
[2026-01-20 15:01:38] INFO : Incoming request: GET /.well-known/appspecific/com.chrome.devtools.json
[2026-01-20 15:01:01] INFO : Incoming request: POST /signup
[2026-01-20 15:01:18] INFO : Incoming request: GET /.well-known/appspecific/com.chrome.devtools.json
[2026-01-20 15:01:77] INFO : Incoming request: POST /signup
[2026-01-20 15:01:83] INFO : Incoming request: GET /.well-known/appspecific/com.chrome.devtools.json
[2026-01-20 15:01:54] INFO : Incoming request: POST /signup
[2026-01-20 15:01:60] INFO : Incoming request: GET /.well-known/appspecific/com.chrome.devtools.json
[2026-01-20 15:01:32] INFO : Incoming request: POST /signup
[2026-01-20 15:01:38] INFO : Incoming request: GET /.well-known/appspecific/com.chrome.devtools.json
[2026-01-20 15:01:04] INFO : Incoming request: POST /signup
[2026-01-20 15:01:10] INFO : Incoming request: GET /.well-known/appspecific/com.chrome.devtools.json
[2026-01-20 15:01:67] INFO : Incoming request: POST /signup
[2026-01-20 15:01:73] INFO : Incoming request: GET /.well-known/appspecific/com.chrome.devtools.json
[2026-01-20 15:01:39] INFO : Incoming request: POST /signup
[2026-01-20 15:01:46] INFO : Incoming request: GET /.well-known/appspecific/com.chrome.devtools.json
[2026-01-20 15:01:23] INFO : Incoming request: GET /.well-known/appspecific/com.chrome.devtools.json
[2026-01-20 15:01:50] INFO : Incoming request: POST /signup
[2026-01-20 15:01:59] INFO : Incoming request: GET /.well-known/appspecific/com.chrome.devtools.json
[2026-01-20 15:01:37] INFO : Incoming request: POST /signup
[2026-01-20 15:01:44] INFO : Incoming request: GET /.well-known/appspecific/com.chrome.devtools.json
[2026-01-20 15:01:08] INFO : Incoming request: POST /signup
[2026-01-20 15:01:15] INFO : Incoming request: GET /.well-known/appspecific/com.chrome.devtools.json
[2026-01-20 15:01:81] INFO : Incoming request: POST /signup
[2026-01-20 15:01:88] INFO : Incoming request: GET /.well-known/appspecific/com.chrome.devtools.json
[2026-01-20 15:01:47] INFO : Incoming request: POST /signup
[2026-01-20 15:01:54] INFO : Incoming request: GET /.well-known/appspecific/com.chrome.devtools.json
[2026-01-20 15:01:22] INFO : Incoming request: POST /signup
[2026-01-20 15:01:28] INFO : Incoming request: GET /.well-known/appspecific/com.chrome.devtools.json
[2026-01-20 15:01:93] INFO : Incoming request: POST /signup
[2026-01-20 15:01:04] INFO : Incoming request: GET /.well-known/appspecific/com.chrome.devtools.json
[2026-01-20 15:01:17] INFO : Incoming request: GET /.well-known/appspecific/com.chrome.devtools.json
[2026-01-20 15:01:74] INFO : Incoming request: POST /signup
[2026-01-20 15:01:81] INFO : Incoming request: GET /.well-known/appspecific/com.chrome.devtools.json
[2026-01-20 15:01:61] INFO : Incoming request: POST /signup
[2026-01-20 15:01:67] INFO : Incoming request: GET /.well-known/appspecific/com.chrome.devtools.json
[2026-01-20 15:01:32] INFO : Incoming request: POST /signup
[2026-01-20 15:01:39] INFO : Incoming request: GET /.well-known/appspecific/com.chrome.devtools.json
[2026-01-20 15:01:02] INFO : Incoming request: POST /signup
[2026-01-20 15:01:07] INFO : Incoming request: GET /.well-known/appspecific/com.chrome.devtools.json
[2026-01-20 15:01:69] INFO : Incoming request: POST /signup
[2026-01-20 15:01:75] INFO : Incoming request: GET /.well-known/appspecific/com.chrome.devtools.json
[2026-01-20 15:01:51] INFO : Incoming request: POST /signup
[2026-01-20 15:01:57] INFO : Incoming request: GET /.well-known/appspecific/com.chrome.devtools.json
[2026-01-20 15:01:68] INFO : Incoming request: GET /.well-known/appspecific/com.chrome.devtools.json
[2026-01-20 15:01:66] INFO : Incoming request: POST /signup
[2026-01-20 15:01:23] INFO : Incoming request: GET /.well-known/appspecific/com.chrome.devtools.json
[2026-01-20 15:01:74] INFO : Incoming request: POST /signup
[2026-01-20 15:01:16] INFO : Incoming request: GET /.well-known/appspecific/com.chrome.devtools.json
[2026-01-20 15:01:63] INFO : Incoming request: POST /signup
[2026-01-20 15:01:67] INFO : Incoming request: GET /.well-known/appspecific/com.chrome.devtools.json
[2026-01-20 15:01:02] INFO : Incoming request: POST /signup
[2026-01-20 15:01:28] INFO : Incoming request: GET /.well-known/appspecific/com.chrome.devtools.json
[2026-01-20 15:01:49] INFO : Incoming request: POST /signup
[2026-01-20 15:01:52] INFO : Incoming request: GET /.well-known/appspecific/com.chrome.devtools.json
[2026-01-20 15:01:22] INFO : Incoming request: POST /signup
[2026-01-20 15:01:16] INFO : Incoming request: GET /.well-known/appspecific/com.chrome.devtools.json
[2026-01-20 15:01:17] INFO : Incoming request: GET /.well-known/appspecific/com.chrome.devtools.json
[2026-01-20 15:01:13] INFO : Incoming request: POST /signup
[2026-01-20 15:01:15] INFO : Signup attempt for email: asial6445@gmail.com
[2026-01-20 15:01:06] INFO : Incoming request: POST /signup
[2026-01-20 15:01:09] INFO : Signup attempt for email: asial6445@gmail.com
[2026-01-20 15:01:19] INFO : Incoming request: GET /.well-known/appspecific/com.chrome.devtools.json
[2026-01-20 15:01:09] INFO : Incoming request: POST /signup
[2026-01-20 15:01:10] INFO : Signup attempt for email: asial6445@gmail.com
[2026-01-20 15:01:37] INFO : Incoming request: POST /signup
[2026-01-20 15:01:43] INFO : Signup attempt for email: asial6445@gmail.com
[2026-01-20 15:01:05] INFO : Incoming request: GET /.well-known/appspecific/com.chrome.devtools.json
[2026-01-20 15:01:57] INFO : Incoming request: POST /signup
[2026-01-20 15:01:58] INFO : Signup attempt for email: asial6445@gmail.com
[2026-01-20 15:01:32] INFO : Incoming request: POST /signup
[2026-01-20 15:01:37] INFO : Signup attempt for email: asial6445@gmail.com
[2026-01-20 15:01:90] INFO : Incoming request: GET /.well-known/appspecific/com.chrome.devtools.json
[2026-01-20 15:01:02] INFO : Incoming request: POST /signup
[2026-01-20 15:01:03] INFO : Signup attempt for email: asial6445@gmail.com
[2026-01-20 15:01:19] INFO : Incoming request: POST /signup
[2026-01-20 15:01:21] INFO : Signup attempt for email: asial6445@gmail.com
[2026-01-20 15:01:50] INFO : Incoming request: GET /.well-known/appspecific/com.chrome.devtools.json
[2026-01-20 15:01:40] INFO : Incoming request: POST /signup
[2026-01-20 15:01:41] INFO : Signup attempt for email: asial6445@gmail.com
[2026-01-20 15:01:12] INFO : Incoming request: POST /signup
[2026-01-20 15:01:12] INFO : Signup attempt for email: asial65@gmail.com
[2026-01-20 15:01:02] INFO : Incoming request: POST /signup
[2026-01-20 15:01:02] INFO : Signup attempt for email: asial55@gmail.com
[2026-01-20 15:01:26] INFO : Incoming request: POST /signup
[2026-01-20 15:01:26] INFO : Signup attempt for email: ahmad13@gmail.com
[2026-01-20 16:01:25] INFO : Incoming request: POST /signup
[2026-01-20 16:01:29] INFO : Signup attempt for email: ahmad13@gmail.com
[2026-01-20 16:01:50] INFO : User created successfully: ahmad13@gmail.com
[2026-01-20 16:01:75] INFO : Incoming request: POST /signup
[2026-01-20 16:01:76] INFO : Signup attempt for email: ahmad13@gmail.com
[2026-01-20 16:01:89] INFO : Incoming request: GET /.well-known/appspecific/com.chrome.devtools.json
[2026-01-20 16:01:23] INFO : Incoming request: GET /.well-known/appspecific/com.chrome.devtools.json
[2026-01-20 16:01:13] INFO : Incoming request: POST /signup
[2026-01-20 16:01:15] INFO : Signup attempt for email: asial6445@gmail.com
[2026-01-20 16:01:61] INFO : Incoming request: POST /signup
[2026-01-20 16:01:64] INFO : Signup attempt for email: asial6445@gmail.com
[2026-01-20 16:01:36] INFO : Incoming request: GET /.well-known/appspecific/com.chrome.devtools.json
[2026-01-20 16:01:80] INFO : Incoming request: POST /signup
[2026-01-20 16:01:81] INFO : Signup attempt for email: asial6445@gmail.com
[2026-01-20 16:01:77] INFO : Incoming request: POST /signup
[2026-01-20 16:01:78] INFO : Signup attempt for email: asial445@gmail.com
[2026-01-20 16:01:66] INFO : Incoming request: POST /signup
[2026-01-20 16:01:66] INFO : Signup attempt for email: asial45@gmail.com
[2026-01-20 16:01:38] INFO : Incoming request: POST /signup
[2026-01-20 16:01:42] INFO : Signup attempt for email: asial45@gmail.com
[2026-01-20 16:01:53] INFO : Incoming request: POST /signup
[2026-01-20 16:01:53] INFO : Signup attempt for email: asial4@gmail.com
[2026-01-20 16:01:31] INFO : Incoming request: GET /.well-known/appspecific/com.chrome.devtools.json
[2026-01-20 16:01:63] INFO : Incoming request: POST /signup
[2026-01-20 16:01:63] INFO : Signup attempt for email: asial6445@gmail.com
[2026-01-20 16:01:92] INFO : Incoming request: POST /signup
[2026-01-20 16:01:93] INFO : Signup attempt for email: a1515@gmail.com
[2026-01-20 16:01:08] INFO : Incoming request: GET /.well-known/appspecific/com.chrome.devtools.json
[2026-01-20 16:01:21] INFO : Incoming request: POST /signup
[2026-01-20 16:01:23] INFO : Signup attempt for email: asial6445@gmail.com
[2026-01-20 16:01:44] INFO : Incoming request: POST /signup
[2026-01-20 16:01:44] INFO : Signup attempt for email: ahmadraza12@gmail.com
[2026-01-20 16:01:20] INFO : Incoming request: GET /.well-known/appspecific/com.chrome.devtools.json
[2026-01-20 16:01:40] INFO : Incoming request: GET /.well-known/appspecific/com.chrome.devtools.json
[2026-01-20 16:01:57] INFO : Incoming request: GET /.well-known/appspecific/com.chrome.devtools.json
[2026-01-20 16:01:20] INFO : Incoming request: POST /signup
[2026-01-20 16:01:22] INFO : Signup attempt for email: asial6445@gmail.com
[2026-01-20 16:01:29] INFO : Incoming request: POST /signup
[2026-01-20 16:01:33] INFO : Signup attempt for email: a1515@gmail.com
[2026-01-20 16:01:45] INFO : User created successfully: a1515@gmail.com
[2026-01-20 16:01:08] INFO : Incoming request: GET /.well-known/appspecific/com.chrome.devtools.json
[2026-01-20 16:01:67] INFO : Incoming request: POST /signup
[2026-01-20 16:01:68] INFO : Signup attempt for email: asial6445@gmail.com
[2026-01-20 16:01:77] INFO : Incoming request: POST /signup
[2026-01-20 16:01:77] INFO : Signup attempt for email: asial4@gmail.com
[2026-01-20 16:01:52] INFO : Incoming request: POST /signup
[2026-01-20 16:01:52] INFO : Signup attempt for email: asial0@gmail.com
[2026-01-20 16:01:62] INFO : Incoming request: POST /signup
[2026-01-20 16:01:64] INFO : Signup attempt for email: asial0@gmail.com
[2026-01-20 16:01:75] INFO : User created successfully: asial0@gmail.com
[2026-01-20 16:01:89] INFO : Incoming request: GET /.well-known/appspecific/com.chrome.devtools.json
[2026-01-20 16:01:29] INFO : Incoming request: POST /signup
[2026-01-20 16:01:29] INFO : Signup attempt for email: asial6445@gmail.com
[2026-01-20 16:01:40] INFO : Incoming request: POST /signup
[2026-01-20 16:01:40] INFO : Signup attempt for email: asial6445@gmail.com
[2026-01-20 16:01:80] INFO : Incoming request: POST /signup
[2026-01-20 16:01:80] INFO : Signup attempt for email: asial6445@gmail.com
[2026-01-20 16:01:54] INFO : Incoming request: POST /signup
[2026-01-20 16:01:59] INFO : Signup attempt for email: asial6445@gmail.com
[2026-01-20 16:01:88] INFO : Incoming request: POST /signup
[2026-01-20 16:01:89] INFO : Signup attempt for email: asial0000@gmail.com
[2026-01-20 16:01:54] INFO : Incoming request: POST /signup
[2026-01-20 16:01:55] INFO : Signup attempt for email: asial0000@gmail.com
[2026-01-20 16:01:42] INFO : Incoming request: POST /signup
[2026-01-20 16:01:42] INFO : Signup attempt for email: asial0000@gmail.com
[2026-01-20 16:01:48] INFO : Incoming request: POST /signup
[2026-01-20 16:01:48] INFO : Signup attempt for email: asial0000@gmail.com
[2026-01-20 16:01:18] INFO : Incoming request: POST /signup
[2026-01-20 16:01:21] INFO : Signup attempt for email: asial0000@gmail.com
[2026-01-20 16:01:34] INFO : User created successfully: asial0000@gmail.com
[2026-01-20 16:01:13] INFO : Incoming request: POST /signup
[2026-01-20 16:01:14] INFO : Signup attempt for email: asial0000@gmail.com
[2026-01-20 16:01:20] INFO : Incoming request: POST /signup
[2026-01-20 16:01:20] INFO : Signup attempt for email: asial000@gmail.com
[2026-01-20 16:01:81] INFO : Incoming request: POST /signup
[2026-01-20 16:01:83] INFO : Signup attempt for email: asial000@gmail.com
[2026-01-20 16:01:94] INFO : User created successfully: asial000@gmail.com
[2026-01-20 16:01:44] INFO : Incoming request: GET /.well-known/appspecific/com.chrome.devtools.json
[2026-01-20 16:01:39] INFO : Incoming request: POST /signup
[2026-01-20 16:01:40] INFO : Signup attempt for email: asial6445@gmail.com
[2026-01-20 16:01:18] INFO : Incoming request: POST /signup
[2026-01-20 16:01:19] INFO : Signup attempt for email: asial0101@gmail.com
[2026-01-20 16:01:89] INFO : Incoming request: POST /signup
[2026-01-20 16:01:89] INFO : Signup attempt for email: asial0101@gmail.com
[2026-01-20 17:01:42] INFO : Incoming request: POST /signup
[2026-01-20 17:01:48] INFO : Signup attempt for email: asial0101@gmail.com
[2026-01-20 17:01:64] INFO : User created successfully: asial0101@gmail.com
[2026-01-20 17:01:25] INFO : Incoming request: POST /signup
[2026-01-20 17:01:25] INFO : Signup attempt for email: asial010@gmail.com
[2026-01-20 17:01:81] INFO : Incoming request: POST /signup
[2026-01-20 17:01:82] INFO : Signup attempt for email: asial010@gmail.com
[2026-01-20 17:01:11] INFO : Incoming request: GET /.well-known/appspecific/com.chrome.devtools.json
[2026-01-20 17:01:61] INFO : Incoming request: POST /signup
[2026-01-20 17:01:63] INFO : Signup attempt for email: asial6445@gmail.com
[2026-01-20 17:01:14] INFO : Incoming request: POST /signup
[2026-01-20 17:01:15] INFO : Signup attempt for email: asial11111@gmail.com
[2026-01-20 17:01:47] INFO : Incoming request: POST /signup
[2026-01-20 17:01:47] INFO : Signup attempt for email: asial11110@gmail.com
[2026-01-20 17:01:32] INFO : Incoming request: POST /signup
[2026-01-20 17:01:35] INFO : Signup attempt for email: asial11110@gmail.com
[2026-01-20 17:01:51] INFO : User created successfully: asial11110@gmail.com
[2026-01-20 17:01:09] INFO : Incoming request: POST /signup
[2026-01-20 17:01:09] INFO : Signup attempt for email: asial11110@gmail.com
[2026-01-20 17:01:28] INFO : Incoming request: POST /signup
[2026-01-20 17:01:28] INFO : Signup attempt for email: asial11110@gmail.com
[2026-01-20 17:01:04] INFO : Incoming request: POST /signup
[2026-01-20 17:01:05] INFO : Signup attempt for email: asial11110@gmail.com
[2026-01-20 17:01:05] INFO : Incoming request: POST /signup
[2026-01-20 17:01:10] INFO : Signup attempt for email: asial11110@gmail.com
[2026-01-20 17:01:85] INFO : Incoming request: GET /.well-known/appspecific/com.chrome.devtools.json
[2026-01-20 17:01:73] INFO : Incoming request: GET /.well-known/appspecific/com.chrome.devtools.json
[2026-01-20 17:01:68] INFO : Incoming request: GET /.well-known/appspecific/com.chrome.devtools.json
[2026-01-20 17:01:96] INFO : Incoming request: POST /signup
[2026-01-20 17:01:98] INFO : Signup attempt for email: asial6445@gmail.com
[2026-01-20 17:01:32] INFO : Incoming request: POST /signup
[2026-01-20 17:01:33] INFO : Signup attempt for email: asial5151@gmail.com
[2026-01-20 17:01:44] INFO : User created successfully: asial5151@gmail.com
[2026-01-20 17:01:42] INFO : Incoming request: POST /signup
[2026-01-20 17:01:42] INFO : Signup attempt for email: asial5151@gmail.com
[2026-01-20 17:01:72] INFO : Incoming request: POST /signup
[2026-01-20 17:01:73] INFO : Signup attempt for email: asial5151@gmail.com
[2026-01-20 17:01:82] INFO : Incoming request: POST /signup
[2026-01-20 17:01:82] INFO : Signup attempt for email: asial515@gmail.com
[2026-01-20 17:01:91] INFO : User created successfully: asial515@gmail.com
[2026-01-20 17:01:26] INFO : Incoming request: GET /.well-known/appspecific/com.chrome.devtools.json
[2026-01-20 17:01:90] INFO : Incoming request: POST /signup
[2026-01-20 17:01:91] INFO : Signup attempt for email: asial6445@gmail.com
[2026-01-20 17:01:41] INFO : Incoming request: POST /signup
[2026-01-20 17:01:41] INFO : Signup attempt for email: asial5252@gmail.com
[2026-01-20 17:01:51] INFO : User created successfully: asial5252@gmail.com
[2026-01-20 17:01:22] INFO : Incoming request: POST /signup
[2026-01-20 17:01:22] INFO : Signup attempt for email: asial522@gmail.com
[2026-01-20 17:01:78] INFO : Incoming request: POST /signup
[2026-01-20 17:01:79] INFO : Signup attempt for email: asial522@gmail.com
[2026-01-20 17:01:88] INFO : User created successfully: asial522@gmail.com
[2026-01-22 15:01:32] INFO : Incoming request: GET /favicon.ico
[2026-01-22 15:01:100] INFO : Incoming request: GET /.well-known/appspecific/com.chrome.devtools.json
[2026-01-22 15:01:24] INFO : Incoming request: POST /signup
[2026-01-22 15:01:28] INFO : Signup attempt for email: asial6445@gmail.com
[2026-01-22 15:01:12] INFO : Incoming request: POST /signup
[2026-01-22 15:01:13] INFO : Signup attempt for email: asial6445@gmail.com
[2026-01-22 15:01:85] INFO : Incoming request: POST /signup
[2026-01-22 15:01:86] INFO : Signup attempt for email: asial050505@gmail.com
[2026-01-22 15:01:99] INFO : User created successfully: asial050505@gmail.com
[2026-01-22 15:01:22] INFO : Incoming request: POST /signup
[2026-01-22 15:01:26] INFO : Signup attempt for email: asial050505@gmail.com
[2026-01-22 15:01:39] INFO : Incoming request: POST /signup
[2026-01-22 15:01:39] INFO : Signup attempt for email: asial050505@gmail.com
[2026-01-22 15:01:41] INFO : Incoming request: POST /signup
[2026-01-22 15:01:41] INFO : Signup attempt for email: asial0505055@gmail.com
[2026-01-22 15:01:54] INFO : User created successfully: asial0505055@gmail.com
[2026-01-22 15:01:100] INFO : Incoming request: GET /.well-known/appspecific/com.chrome.devtools.json
[2026-01-22 15:01:56] INFO : Incoming request: POST /signup
[2026-01-22 15:01:56] INFO : Signup attempt for email: asial6445@gmail.com
[2026-01-22 16:01:50] INFO : Incoming request: POST /signup
[2026-01-22 16:01:50] INFO : Signup attempt for email: asial5446@gmail.com
[2026-01-22 16:01:60] INFO : User created successfully: asial5446@gmail.com
[2026-01-22 16:01:56] INFO : Incoming request: GET /.well-known/appspecific/com.chrome.devtools.json
[2026-01-22 16:01:25] INFO : Incoming request: GET /.well-known/appspecific/com.chrome.devtools.json
[2026-01-22 16:01:51] INFO : Incoming request: GET /.well-known/appspecific/com.chrome.devtools.json
[2026-01-22 16:01:45] INFO : Incoming request: GET /.well-known/appspecific/com.chrome.devtools.json
[2026-01-22 16:01:61] INFO : Incoming request: GET /.well-known/appspecific/com.chrome.devtools.json
[2026-01-22 16:01:50] INFO : Incoming request: GET /.well-known/appspecific/com.chrome.devtools.json
[2026-01-22 16:01:69] INFO : Incoming request: GET /.well-known/appspecific/com.chrome.devtools.json
[2026-01-22 16:01:50] INFO : Incoming request: GET /.well-known/appspecific/com.chrome.devtools.json
[2026-01-22 16:01:15] INFO : Incoming request: GET /.well-known/appspecific/com.chrome.devtools.json
[2026-01-22 16:01:54] INFO : Incoming request: GET /.well-known/appspecific/com.chrome.devtools.json
[2026-01-22 16:01:70] INFO : Incoming request: GET /.well-known/appspecific/com.chrome.devtools.json
[2026-01-22 16:01:10] INFO : Incoming request: GET /.well-known/appspecific/com.chrome.devtools.json
[2026-01-22 16:01:85] INFO : Incoming request: GET /.well-known/appspecific/com.chrome.devtools.json
[2026-01-22 16:01:76] INFO : Incoming request: GET /.well-known/appspecific/com.chrome.devtools.json
[2026-01-22 16:01:76] INFO : Incoming request: POST /signup
[2026-01-22 16:01:78] INFO : Signup attempt for email: asial6445@gmail.com
[2026-01-22 16:01:57] INFO : Incoming request: POST /signup
[2026-01-22 16:01:57] INFO : Signup attempt for email: asial6060@gmail.com
[2026-01-22 16:01:71] INFO : User created successfully: asial6060@gmail.com
[2026-01-22 16:01:89] INFO : Incoming request: POST /signup
[2026-01-22 16:01:94] INFO : Signup attempt for email: asial6060@gmail.com
[2026-01-22 16:01:48] INFO : Incoming request: POST /signup
[2026-01-22 16:01:49] INFO : Signup attempt for email: asial6061@gmail.com
[2026-01-22 16:01:63] INFO : User created successfully: asial6061@gmail.com
[2026-01-22 16:01:52] INFO : Incoming request: GET /.well-known/appspecific/com.chrome.devtools.json
[2026-01-22 16:01:77] INFO : Incoming request: POST /signup
[2026-01-22 16:01:80] INFO : Signup attempt for email: asial6445@gmail.com
[2026-01-22 16:01:48] INFO : Incoming request: POST /signup
[2026-01-22 16:01:49] INFO : Signup attempt for email: asial40400@gmail.com
[2026-01-22 16:01:98] INFO : User created successfully: asial40400@gmail.com
[2026-01-22 16:01:61] INFO : Incoming request: GET /.well-known/appspecific/com.chrome.devtools.json
[2026-01-22 16:01:56] INFO : Incoming request: GET /.well-known/appspecific/com.chrome.devtools.json
[2026-01-22 16:01:18] INFO : Incoming request: POST /signup
[2026-01-22 16:01:22] INFO : Signup attempt for email: asial6445@gmail.com
[2026-01-22 16:01:36] INFO : User created successfully: asial6445@gmail.com
[2026-01-22 16:01:03] INFO : Incoming request: POST /signup
[2026-01-22 16:01:04] INFO : Signup attempt for email: asial6445@gmail.com
[2026-01-22 16:01:45] INFO : User created successfully: asial6445@gmail.com
[2026-01-22 16:01:39] INFO : Incoming request: POST /signup
[2026-01-22 16:01:45] INFO : Signup attempt for email: asial6445@gmail.com
[2026-01-22 16:01:73] INFO : User created successfully: asial6445@gmail.com
[2026-01-22 16:01:74] INFO : Incoming request: POST /signup
[2026-01-22 16:01:76] INFO : Signup attempt for email: asial6445@gmail.com
[2026-01-22 16:01:98] INFO : User created successfully: asial6445@gmail.com
[2026-01-22 16:01:49] INFO : Incoming request: POST /signup
[2026-01-22 16:01:50] INFO : Signup attempt for email: asial6445@gmail.com
[2026-01-22 16:01:63] INFO : User created successfully: asial6445@gmail.com
[2026-01-22 16:01:50] INFO : Incoming request: GET /.well-known/appspecific/com.chrome.devtools.json
[2026-01-22 16:01:11] INFO : Incoming request: POST /signup
[2026-01-22 16:01:12] INFO : Signup attempt for email: asial6445@gmail.com
[2026-01-22 16:01:22] INFO : User created successfully: asial6445@gmail.com
[2026-01-22 16:01:29] INFO : Incoming request: GET /.well-known/appspecific/com.chrome.devtools.json
[2026-01-22 16:01:52] INFO : Incoming request: POST /signup
[2026-01-22 16:01:55] INFO : Signup attempt for email: asial6445@gmail.com
[2026-01-22 16:01:69] INFO : User created successfully: asial6445@gmail.com
[2026-01-22 16:01:05] INFO : Incoming request: POST /signup
[2026-01-22 16:01:08] INFO : Signup attempt for email: asial6445@gmail.com
[2026-01-22 16:01:20] INFO : User created successfully: asial6445@gmail.com
[2026-01-22 17:01:01] INFO : Incoming request: POST /signup
[2026-01-22 17:01:06] INFO : Signup attempt for email: asial6445@gmail.com
[2026-01-22 17:01:17] INFO : User created successfully: asial6445@gmail.com
[2026-01-22 17:01:44] INFO : Incoming request: POST /signup
[2026-01-22 17:01:48] INFO : Signup attempt for email: asial6445@gmail.com
[2026-01-22 17:01:62] INFO : User created successfully: asial6445@gmail.com
[2026-01-22 17:01:73] INFO : Incoming request: POST /signup
[2026-01-22 17:01:76] INFO : Signup attempt for email: asial6445@gmail.com
[2026-01-22 17:01:68] INFO : Incoming request: POST /signup
[2026-01-22 17:01:69] INFO : Signup attempt for email: asial645@gmail.com
[2026-01-22 17:01:81] INFO : User created successfully: asial645@gmail.com
[2026-01-23 15:01:63] INFO : Incoming request: GET /favicon.ico
[2026-01-23 15:01:31] INFO : Incoming request: GET /.well-known/appspecific/com.chrome.devtools.json
[2026-01-23 15:01:59] INFO : Incoming request: GET /.well-known/appspecific/com.chrome.devtools.json
[2026-01-23 15:01:91] INFO : Incoming request: GET /.well-known/appspecific/com.chrome.devtools.json
[2026-01-23 15:01:42] INFO : Incoming request: GET /.well-known/appspecific/com.chrome.devtools.json
[2026-01-23 15:01:62] INFO : Incoming request: GET /.well-known/appspecific/com.chrome.devtools.json
[2026-01-23 15:01:79] INFO : Incoming request: GET /.well-known/appspecific/com.chrome.devtools.json
[2026-01-23 15:01:23] INFO : Incoming request: GET /.well-known/appspecific/com.chrome.devtools.json
[2026-01-23 15:01:74] INFO : Incoming request: GET /.well-known/appspecific/com.chrome.devtools.json
[2026-01-23 15:01:07] INFO : Incoming request: GET /.well-known/appspecific/com.chrome.devtools.json
[2026-01-23 16:01:33] INFO : Incoming request: GET /.well-known/appspecific/com.chrome.devtools.json
[2026-01-23 16:01:52] INFO : Incoming request: GET /.well-known/appspecific/com.chrome.devtools.json
[2026-01-23 16:01:34] INFO : Incoming request: GET /.well-known/appspecific/com.chrome.devtools.json
[2026-01-23 16:01:78] INFO : Incoming request: GET /.well-known/appspecific/com.chrome.devtools.json
[2026-01-23 16:01:09] INFO : Incoming request: GET /.well-known/appspecific/com.chrome.devtools.json
[2026-01-23 16:01:66] INFO : Incoming request: GET /.well-known/appspecific/com.chrome.devtools.json
[2026-01-23 16:01:74] INFO : Incoming request: GET /.well-known/appspecific/com.chrome.devtools.json
[2026-01-23 16:01:87] INFO : Incoming request: GET /.well-known/appspecific/com.chrome.devtools.json
[2026-01-23 16:01:47] INFO : Incoming request: GET /.well-known/appspecific/com.chrome.devtools.json
[2026-01-23 16:01:83] INFO : Incoming request: GET /.well-known/appspecific/com.chrome.devtools.json
[2026-01-23 16:01:68] INFO : Incoming request: GET /.well-known/appspecific/com.chrome.devtools.json
[2026-01-23 16:01:20] INFO : Incoming request: GET /.well-known/appspecific/com.chrome.devtools.json
[2026-01-23 16:01:99] INFO : Incoming request: GET /.well-known/appspecific/com.chrome.devtools.json
[2026-01-23 16:01:38] INFO : Incoming request: GET /.well-known/appspecific/com.chrome.devtools.json
[2026-01-23 16:01:87] INFO : Incoming request: GET /.well-known/appspecific/com.chrome.devtools.json
[2026-01-23 16:01:52] INFO : Incoming request: GET /.well-known/appspecific/com.chrome.devtools.json
[2026-01-23 16:01:48] INFO : Incoming request: GET /.well-known/appspecific/com.chrome.devtools.json
[2026-01-23 16:01:91] INFO : Incoming request: GET /.well-known/appspecific/com.chrome.devtools.json
[2026-01-23 16:01:73] INFO : Incoming request: GET /.well-known/appspecific/com.chrome.devtools.json
[2026-01-23 16:01:38] INFO : Incoming request: GET /.well-known/appspecific/com.chrome.devtools.json
[2026-01-23 16:01:66] INFO : Incoming request: GET /.well-known/appspecific/com.chrome.devtools.json
[2026-01-23 16:01:69] INFO : Incoming request: GET /.well-known/appspecific/com.chrome.devtools.json
[2026-01-23 16:01:21] INFO : Incoming request: GET /.well-known/appspecific/com.chrome.devtools.json
[2026-01-23 16:01:44] INFO : Incoming request: GET /.well-known/appspecific/com.chrome.devtools.json
[2026-01-23 16:01:51] INFO : Incoming request: GET /.well-known/appspecific/com.chrome.devtools.json
[2026-01-23 16:01:39] INFO : Incoming request: GET /.well-known/appspecific/com.chrome.devtools.json
[2026-01-23 16:01:89] INFO : Incoming request: GET /.well-known/appspecific/com.chrome.devtools.json
[2026-01-23 16:01:16] INFO : Incoming request: GET /.well-known/appspecific/com.chrome.devtools.json
[2026-01-23 17:01:72] INFO : Incoming request: GET /.well-known/appspecific/com.chrome.devtools.json
[2026-01-23 17:01:48] INFO : Incoming request: GET /.well-known/appspecific/com.chrome.devtools.json
[2026-01-23 17:01:02] INFO : Incoming request: GET /.well-known/appspecific/com.chrome.devtools.json
[2026-01-23 17:01:23] INFO : Incoming request: GET /.well-known/appspecific/com.chrome.devtools.json
[2026-01-23 17:01:62] INFO : Incoming request: GET /.well-known/appspecific/com.chrome.devtools.json
[2026-01-23 17:01:17] INFO : Incoming request: GET /.well-known/appspecific/com.chrome.devtools.json
[2026-01-23 17:01:38] INFO : Incoming request: GET /.well-known/appspecific/com.chrome.devtools.json
[2026-01-23 17:01:85] INFO : Incoming request: GET /.well-known/appspecific/com.chrome.devtools.json
[2026-01-23 17:01:73] INFO : Incoming request: GET /.well-known/appspecific/com.chrome.devtools.json
[2026-01-23 17:01:64] INFO : Incoming request: GET /.well-known/appspecific/com.chrome.devtools.json
[2026-01-23 17:01:03] INFO : Incoming request: GET /.well-known/appspecific/com.chrome.devtools.json
[2026-01-23 17:01:48] INFO : Incoming request: GET /.well-known/appspecific/com.chrome.devtools.json
[2026-01-23 17:01:72] INFO : Incoming request: GET /.well-known/appspecific/com.chrome.devtools.json
[2026-01-23 17:01:21] INFO : Incoming request: GET /.well-known/appspecific/com.chrome.devtools.json
[2026-01-23 17:01:32] INFO : Incoming request: GET /.well-known/appspecific/com.chrome.devtools.json
[2026-01-23 17:01:72] INFO : Incoming request: GET /.well-known/appspecific/com.chrome.devtools.json
[2026-01-23 17:01:93] INFO : Incoming request: GET /.well-known/appspecific/com.chrome.devtools.json
[2026-01-23 17:01:08] INFO : Incoming request: GET /.well-known/appspecific/com.chrome.devtools.json
[2026-01-23 17:01:38] INFO : Incoming request: GET /.well-known/appspecific/com.chrome.devtools.json
[2026-01-23 17:01:17] INFO : Incoming request: GET /.well-known/appspecific/com.chrome.devtools.json
[2026-01-23 17:01:95] INFO : Incoming request: GET /.well-known/appspecific/com.chrome.devtools.json
[2026-01-23 17:01:79] INFO : Incoming request: GET /.well-known/appspecific/com.chrome.devtools.json
[2026-01-23 17:01:19] INFO : Incoming request: GET /.well-known/appspecific/com.chrome.devtools.json
[2026-01-23 17:01:81] INFO : Incoming request: GET /.well-known/appspecific/com.chrome.devtools.json
[2026-01-23 17:01:72] INFO : Incoming request: GET /.well-known/appspecific/com.chrome.devtools.json
[2026-01-23 17:01:37] INFO : Incoming request: GET /.well-known/appspecific/com.chrome.devtools.json
[2026-01-23 17:01:84] INFO : Incoming request: GET /.well-known/appspecific/com.chrome.devtools.json
[2026-01-23 17:01:33] INFO : Incoming request: GET /.well-known/appspecific/com.chrome.devtools.json
[2026-01-23 17:01:69] INFO : Incoming request: GET /.well-known/appspecific/com.chrome.devtools.json
[2026-01-23 17:01:69] INFO : Incoming request: GET /.well-known/appspecific/com.chrome.devtools.json
[2026-01-23 17:01:87] INFO : Incoming request: GET /.well-known/appspecific/com.chrome.devtools.json
[2026-01-23 17:01:29] INFO : Incoming request: GET /.well-known/appspecific/com.chrome.devtools.json
[2026-01-23 17:01:78] INFO : Incoming request: GET /.well-known/appspecific/com.chrome.devtools.json
[2026-01-23 17:01:98] INFO : Incoming request: GET /.well-known/appspecific/com.chrome.devtools.json
[2026-01-23 17:01:45] INFO : Incoming request: GET /.well-known/appspecific/com.chrome.devtools.json
[2026-01-23 17:01:86] INFO : Incoming request: GET /.well-known/appspecific/com.chrome.devtools.json
[2026-01-23 17:01:50] INFO : Incoming request: GET /.well-known/appspecific/com.chrome.devtools.json
[2026-01-23 17:01:62] INFO : Incoming request: GET /.well-known/appspecific/com.chrome.devtools.json
[2026-01-23 17:01:64] INFO : Incoming request: GET /.well-known/appspecific/com.chrome.devtools.json
[2026-01-23 17:01:32] INFO : Incoming request: GET /.well-known/appspecific/com.chrome.devtools.json
[2026-01-23 17:01:27] INFO : Incoming request: GET /.well-known/appspecific/com.chrome.devtools.json
[2026-01-23 17:01:02] INFO : Incoming request: GET /.well-known/appspecific/com.chrome.devtools.json
[2026-01-23 17:01:94] INFO : Incoming request: GET /.well-known/appspecific/com.chrome.devtools.json
[2026-01-23 17:01:06] INFO : Incoming request: GET /.well-known/appspecific/com.chrome.devtools.json
[2026-01-23 17:01:43] INFO : Incoming request: GET /.well-known/appspecific/com.chrome.devtools.json
[2026-01-23 17:01:21] INFO : Incoming request: GET /.well-known/appspecific/com.chrome.devtools.json
[2026-01-23 17:01:45] INFO : Incoming request: GET /.well-known/appspecific/com.chrome.devtools.json
[2026-01-23 17:01:84] INFO : Incoming request: GET /.well-known/appspecific/com.chrome.devtools.json
[2026-01-23 17:01:67] INFO : Incoming request: GET /.well-known/appspecific/com.chrome.devtools.json
[2026-01-23 17:01:74] INFO : Incoming request: GET /.well-known/appspecific/com.chrome.devtools.json
[2026-01-23 17:01:97] INFO : Incoming request: GET /.well-known/appspecific/com.chrome.devtools.json
[2026-01-23 17:01:50] INFO : Incoming request: GET /.well-known/appspecific/com.chrome.devtools.json
[2026-01-23 17:01:76] INFO : Incoming request: GET /.well-known/appspecific/com.chrome.devtools.json
[2026-01-23 17:01:80] INFO : Incoming request: GET /.well-known/appspecific/com.chrome.devtools.json
[2026-01-23 17:01:42] INFO : Incoming request: GET /.well-known/appspecific/com.chrome.devtools.json
[2026-01-23 17:01:60] INFO : Incoming request: GET /.well-known/appspecific/com.chrome.devtools.json
[2026-01-23 17:01:54] INFO : Incoming request: GET /.well-known/appspecific/com.chrome.devtools.json
[2026-01-23 17:01:31] INFO : Incoming request: GET /.well-known/appspecific/com.chrome.devtools.json
[2026-01-23 17:01:54] INFO : Incoming request: GET /.well-known/appspecific/com.chrome.devtools.json
[2026-01-23 17:01:06] INFO : Incoming request: GET /.well-known/appspecific/com.chrome.devtools.json
[2026-01-23 17:01:48] INFO : Incoming request: GET /.well-known/appspecific/com.chrome.devtools.json
[2026-01-23 17:01:30] INFO : Incoming request: GET /.well-known/appspecific/com.chrome.devtools.json
[2026-01-23 17:01:26] INFO : Incoming request: GET /.well-known/appspecific/com.chrome.devtools.json
[2026-01-23 17:01:13] INFO : Incoming request: GET /.well-known/appspecific/com.chrome.devtools.json
[2026-01-23 17:01:25] INFO : Incoming request: GET /.well-known/appspecific/com.chrome.devtools.json
[2026-01-23 17:01:88] INFO : Incoming request: GET /.well-known/appspecific/com.chrome.devtools.json
[2026-01-23 17:01:41] INFO : Incoming request: GET /.well-known/appspecific/com.chrome.devtools.json
[2026-01-23 17:01:69] INFO : Incoming request: GET /.well-known/appspecific/com.chrome.devtools.json
[2026-01-23 17:01:04] INFO : Incoming request: GET /.well-known/appspecific/com.chrome.devtools.json
[2026-01-23 17:01:22] INFO : Incoming request: GET /.well-known/appspecific/com.chrome.devtools.json
[2026-01-23 17:01:85] INFO : Incoming request: GET /.well-known/appspecific/com.chrome.devtools.json
[2026-01-23 17:01:49] INFO : Incoming request: GET /.well-known/appspecific/com.chrome.devtools.json
[2026-01-23 17:01:27] INFO : Incoming request: GET /.well-known/appspecific/com.chrome.devtools.json
[2026-01-23 17:01:35] INFO : Incoming request: GET /.well-known/appspecific/com.chrome.devtools.json
[2026-01-23 17:01:89] INFO : Incoming request: GET /.well-known/appspecific/com.chrome.devtools.json
[2026-01-23 17:01:27] INFO : Incoming request: GET /.well-known/appspecific/com.chrome.devtools.json
[2026-01-23 17:01:98] INFO : Incoming request: GET /.well-known/appspecific/com.chrome.devtools.json
[2026-01-23 17:01:76] INFO : Incoming request: GET /.well-known/appspecific/com.chrome.devtools.json
[2026-01-23 17:01:07] INFO : Incoming request: GET /.well-known/appspecific/com.chrome.devtools.json
[2026-01-23 17:01:10] INFO : Incoming request: GET /.well-known/appspecific/com.chrome.devtools.json
[2026-01-23 18:01:81] INFO : Incoming request: GET /.well-known/appspecific/com.chrome.devtools.json
[2026-01-23 18:01:67] INFO : Incoming request: GET /.well-known/appspecific/com.chrome.devtools.json
[2026-01-23 18:01:09] INFO : Incoming request: GET /.well-known/appspecific/com.chrome.devtools.json
[2026-01-23 18:01:14] INFO : Incoming request: GET /.well-known/appspecific/com.chrome.devtools.json
[2026-01-23 18:01:76] INFO : Incoming request: GET /.well-known/appspecific/com.chrome.devtools.json
[2026-01-23 18:01:11] INFO : Incoming request: GET /.well-known/appspecific/com.chrome.devtools.json
[2026-01-23 18:01:69] INFO : Incoming request: GET /.well-known/appspecific/com.chrome.devtools.json
[2026-01-23 18:01:84] INFO : Incoming request: GET /.well-known/appspecific/com.chrome.devtools.json
[2026-01-23 18:01:65] INFO : Incoming request: GET /.well-known/appspecific/com.chrome.devtools.json
[2026-01-23 18:01:83] INFO : Incoming request: GET /.well-known/appspecific/com.chrome.devtools.json
[2026-01-23 18:01:63] INFO : Incoming request: GET /.well-known/appspecific/com.chrome.devtools.json
[2026-01-23 18:01:07] INFO : Incoming request: GET /.well-known/appspecific/com.chrome.devtools.json
[2026-01-23 18:01:23] INFO : Incoming request: GET /.well-known/appspecific/com.chrome.devtools.json
[2026-01-23 18:01:35] INFO : Incoming request: GET /.well-known/appspecific/com.chrome.devtools.json
[2026-01-23 18:01:85] INFO : Incoming request: GET /.well-known/appspecific/com.chrome.devtools.json
[2026-01-23 18:01:10] INFO : Incoming request: GET /.well-known/appspecific/com.chrome.devtools.json
[2026-01-23 18:01:29] INFO : Incoming request: GET /.well-known/appspecific/com.chrome.devtools.json
[2026-01-23 18:01:03] INFO : Incoming request: GET /.well-known/appspecific/com.chrome.devtools.json
[2026-01-23 18:01:86] INFO : Incoming request: GET /.well-known/appspecific/com.chrome.devtools.json
[2026-01-23 18:01:73] INFO : Incoming request: GET /.well-known/appspecific/com.chrome.devtools.json
[2026-01-23 18:01:14] INFO : Incoming request: GET /.well-known/appspecific/com.chrome.devtools.json
[2026-01-23 18:01:26] INFO : Incoming request: GET /.well-known/appspecific/com.chrome.devtools.json
[2026-01-23 18:01:72] INFO : Incoming request: GET /.well-known/appspecific/com.chrome.devtools.json
[2026-01-23 18:01:37] INFO : Incoming request: GET /.well-known/appspecific/com.chrome.devtools.json
[2026-01-23 18:01:77] INFO : Incoming request: GET /.well-known/appspecific/com.chrome.devtools.json
[2026-01-23 18:01:98] INFO : Incoming request: GET /.well-known/appspecific/com.chrome.devtools.json
[2026-01-23 18:01:20] INFO : Incoming request: GET /.well-known/appspecific/com.chrome.devtools.json
[2026-01-23 18:01:80] INFO : Incoming request: GET /.well-known/appspecific/com.chrome.devtools.json
[2026-01-23 18:01:13] INFO : Incoming request: GET /.well-known/appspecific/com.chrome.devtools.json
[2026-01-23 18:01:10] INFO : Incoming request: GET /.well-known/appspecific/com.chrome.devtools.json
[2026-01-23 18:01:91] INFO : Incoming request: GET /.well-known/appspecific/com.chrome.devtools.json
[2026-01-23 18:01:27] INFO : Incoming request: GET /.well-known/appspecific/com.chrome.devtools.json
[2026-01-23 18:01:35] INFO : Incoming request: GET /.well-known/appspecific/com.chrome.devtools.json
[2026-01-23 18:01:64] INFO : Incoming request: GET /.well-known/appspecific/com.chrome.devtools.json
[2026-01-23 18:01:33] INFO : Incoming request: GET /.well-known/appspecific/com.chrome.devtools.json
[2026-01-23 18:01:29] INFO : Incoming request: GET /.well-known/appspecific/com.chrome.devtools.json
[2026-01-23 18:01:60] INFO : Incoming request: GET /.well-known/appspecific/com.chrome.devtools.json
[2026-01-23 18:01:49] INFO : Incoming request: GET /.well-known/appspecific/com.chrome.devtools.json
[2026-01-23 18:01:82] INFO : Incoming request: GET /.well-known/appspecific/com.chrome.devtools.json
[2026-01-23 18:01:65] INFO : Incoming request: GET /.well-known/appspecific/com.chrome.devtools.json
[2026-01-23 18:01:25] INFO : Incoming request: GET /.well-known/appspecific/com.chrome.devtools.json
[2026-01-23 18:01:42] INFO : Incoming request: GET /.well-known/appspecific/com.chrome.devtools.json
[2026-01-23 18:01:41] INFO : Incoming request: GET /.well-known/appspecific/com.chrome.devtools.json
[2026-01-23 18:01:24] INFO : Incoming request: GET /.well-known/appspecific/com.chrome.devtools.json
[2026-01-23 18:01:73] INFO : Incoming request: GET /.well-known/appspecific/com.chrome.devtools.json
[2026-01-23 18:01:05] INFO : Incoming request: GET /.well-known/appspecific/com.chrome.devtools.json
[2026-01-23 18:01:88] INFO : Incoming request: GET /.well-known/appspecific/com.chrome.devtools.json
[2026-01-23 18:01:96] INFO : Incoming request: GET /.well-known/appspecific/com.chrome.devtools.json
[2026-01-23 18:01:62] INFO : Incoming request: GET /.well-known/appspecific/com.chrome.devtools.json
[2026-01-23 18:01:65] INFO : Incoming request: GET /.well-known/appspecific/com.chrome.devtools.json
[2026-01-23 18:01:48] INFO : Incoming request: GET /.well-known/appspecific/com.chrome.devtools.json
[2026-01-23 18:01:76] INFO : Incoming request: GET /.well-known/appspecific/com.chrome.devtools.json
[2026-01-23 18:01:32] INFO : Incoming request: GET /.well-known/appspecific/com.chrome.devtools.json
[2026-01-23 18:01:94] INFO : Incoming request: GET /.well-known/appspecific/com.chrome.devtools.json
[2026-01-23 18:01:34] INFO : Incoming request: GET /.well-known/appspecific/com.chrome.devtools.json
[2026-01-23 18:01:44] INFO : Incoming request: GET /favicon.ico
[2026-01-23 18:01:22] INFO : Incoming request: GET /.well-known/appspecific/com.chrome.devtools.json
[2026-01-23 18:01:89] INFO : Incoming request: GET /.well-known/appspecific/com.chrome.devtools.json
[2026-01-23 19:01:34] INFO : Incoming request: GET /.well-known/appspecific/com.chrome.devtools.json
[2026-01-23 19:01:56] INFO : Incoming request: GET /.well-known/appspecific/com.chrome.devtools.json
[2026-01-23 19:01:34] INFO : Incoming request: GET /.well-known/appspecific/com.chrome.devtools.json
[2026-01-23 19:01:23] INFO : Incoming request: GET /.well-known/appspecific/com.chrome.devtools.json
[2026-01-23 19:01:89] INFO : Incoming request: GET /.well-known/appspecific/com.chrome.devtools.json
[2026-01-23 19:01:46] INFO : Incoming request: GET /.well-known/appspecific/com.chrome.devtools.json
[2026-01-23 19:01:23] INFO : Incoming request: GET /.well-known/appspecific/com.chrome.devtools.json
[2026-01-23 19:01:16] INFO : Incoming request: GET /.well-known/appspecific/com.chrome.devtools.json
[2026-01-23 19:01:51] INFO : Incoming request: GET /.well-known/appspecific/com.chrome.devtools.json
[2026-01-23 19:01:23] INFO : Incoming request: GET /.well-known/appspecific/com.chrome.devtools.json
[2026-01-23 19:01:32] INFO : Incoming request: GET /.well-known/appspecific/com.chrome.devtools.json
[2026-01-23 19:01:10] INFO : Incoming request: GET /.well-known/appspecific/com.chrome.devtools.json
[2026-01-23 19:01:93] INFO : Incoming request: GET /.well-known/appspecific/com.chrome.devtools.json
[2026-01-23 19:01:34] INFO : Incoming request: GET /.well-known/appspecific/com.chrome.devtools.json
[2026-01-23 19:01:29] INFO : Incoming request: GET /.well-known/appspecific/com.chrome.devtools.json
[2026-01-23 19:01:71] INFO : Incoming request: GET /.well-known/appspecific/com.chrome.devtools.json
[2026-01-23 19:01:18] INFO : Incoming request: GET /.well-known/appspecific/com.chrome.devtools.json
[2026-01-23 19:01:17] INFO : Incoming request: GET /.well-known/appspecific/com.chrome.devtools.json
[2026-01-23 19:01:74] INFO : Incoming request: GET /.well-known/appspecific/com.chrome.devtools.json
[2026-01-23 19:01:18] INFO : Incoming request: GET /.well-known/appspecific/com.chrome.devtools.json
[2026-01-23 19:01:22] INFO : Incoming request: GET /.well-known/appspecific/com.chrome.devtools.json
[2026-01-23 19:01:96] INFO : Incoming request: GET /.well-known/appspecific/com.chrome.devtools.json
[2026-01-23 19:01:64] INFO : Incoming request: GET /.well-known/appspecific/com.chrome.devtools.json
[2026-01-23 19:01:78] INFO : Incoming request: POST /signup
[2026-01-23 19:01:79] INFO : Signup attempt for email: asial6445@gmail.com
[2026-01-23 19:01:76] INFO : Incoming request: POST /signup
[2026-01-23 19:01:77] INFO : Signup attempt for email: asial6445@gmail.com
[2026-01-23 19:01:41] INFO : Incoming request: POST /signup
[2026-01-23 19:01:42] INFO : Signup attempt for email: asial644@gmail.com
[2026-01-23 19:01:53] INFO : User created successfully: asial644@gmail.com
[2026-01-23 19:01:75] INFO : Incoming request: GET /.well-known/appspecific/com.chrome.devtools.json
[2026-01-23 19:01:31] INFO : Incoming request: GET /.well-known/appspecific/com.chrome.devtools.json
[2026-01-23 19:01:10] INFO : Incoming request: GET /.well-known/appspecific/com.chrome.devtools.json
[2026-01-23 19:01:36] INFO : Incoming request: GET /.well-known/appspecific/com.chrome.devtools.json
[2026-01-23 19:01:70] INFO : Incoming request: GET /.well-known/appspecific/com.chrome.devtools.json
[2026-01-23 19:01:36] INFO : Incoming request: POST /signup
[2026-01-23 19:01:38] INFO : Signup attempt for email: as@gmail.com
[2026-01-23 19:01:52] INFO : User created successfully: as@gmail.com
[2026-01-23 19:01:23] INFO : Incoming request: GET /.well-known/appspecific/com.chrome.devtools.json
[2026-01-23 19:01:58] INFO : Incoming request: GET /.well-known/appspecific/com.chrome.devtools.json
[2026-01-23 19:01:98] INFO : Incoming request: GET /.well-known/appspecific/com.chrome.devtools.json
[2026-01-23 19:01:32] INFO : Incoming request: GET /.well-known/appspecific/com.chrome.devtools.json
[2026-01-23 19:01:57] INFO : Incoming request: GET /.well-known/appspecific/com.chrome.devtools.json
[2026-01-23 19:01:94] INFO : Incoming request: GET /.well-known/appspecific/com.chrome.devtools.json
[2026-01-23 19:01:53] INFO : Incoming request: GET /.well-known/appspecific/com.chrome.devtools.json
[2026-01-23 19:01:50] INFO : Incoming request: GET /.well-known/appspecific/com.chrome.devtools.json
[2026-01-23 19:01:65] INFO : Incoming request: GET /.well-known/appspecific/com.chrome.devtools.json
[2026-01-23 19:01:12] INFO : Incoming request: GET /.well-known/appspecific/com.chrome.devtools.json
[2026-01-23 19:01:24] INFO : Incoming request: GET /.well-known/appspecific/com.chrome.devtools.json
[2026-01-23 19:01:97] INFO : Incoming request: GET /.well-known/appspecific/com.chrome.devtools.json
[2026-01-23 19:01:100] INFO : Incoming request: GET /.well-known/appspecific/com.chrome.devtools.json
[2026-01-23 19:01:15] INFO : Incoming request: GET /.well-known/appspecific/com.chrome.devtools.json
[2026-01-23 19:01:52] INFO : Incoming request: GET /.well-known/appspecific/com.chrome.devtools.json
[2026-01-23 19:01:54] INFO : Incoming request: GET /.well-known/appspecific/com.chrome.devtools.json
[2026-01-23 19:01:67] INFO : Incoming request: GET /.well-known/appspecific/com.chrome.devtools.json
[2026-01-23 19:01:01] INFO : Incoming request: GET /.well-known/appspecific/com.chrome.devtools.json
[2026-01-23 19:01:88] INFO : Incoming request: GET /.well-known/appspecific/com.chrome.devtools.json
[2026-01-23 19:01:37] INFO : Incoming request: GET /.well-known/appspecific/com.chrome.devtools.json
[2026-01-23 20:01:57] INFO : Incoming request: GET /.well-known/appspecific/com.chrome.devtools.json
[2026-01-23 20:01:65] INFO : Incoming request: GET /.well-known/appspecific/com.chrome.devtools.json
[2026-01-23 20:01:64] INFO : Incoming request: GET /.well-known/appspecific/com.chrome.devtools.json
[2026-01-23 20:01:11] INFO : Incoming request: GET /.well-known/appspecific/com.chrome.devtools.json
[2026-01-23 20:01:23] INFO : Incoming request: GET /.well-known/appspecific/com.chrome.devtools.json
[2026-01-25 11:01:97] INFO : Incoming request: GET /favicon.ico
[2026-01-25 15:01:79] INFO : Incoming request: GET /favicon.ico
[2026-01-25 15:01:50] INFO : Incoming request: GET /.well-known/appspecific/com.chrome.devtools.json
[2026-01-25 16:01:58] INFO : Incoming request: GET /.well-known/appspecific/com.chrome.devtools.json
[2026-01-25 16:01:70] INFO : Incoming request: GET /.well-known/appspecific/com.chrome.devtools.json
[2026-01-25 16:01:70] INFO : Incoming request: GET /.well-known/appspecific/com.chrome.devtools.json
[2026-01-25 16:01:02] INFO : Incoming request: GET /.well-known/appspecific/com.chrome.devtools.json
[2026-01-25 16:01:01] INFO : Incoming request: GET /.well-known/appspecific/com.chrome.devtools.json
[2026-01-25 16:01:40] INFO : Incoming request: GET /.well-known/appspecific/com.chrome.devtools.json
[2026-01-25 16:01:07] INFO : Incoming request: GET /.well-known/appspecific/com.chrome.devtools.json
[2026-01-25 16:01:39] INFO : Incoming request: GET /.well-known/appspecific/com.chrome.devtools.json
[2026-01-25 16:01:54] INFO : Incoming request: GET /.well-known/appspecific/com.chrome.devtools.json
[2026-01-25 16:01:43] INFO : Incoming request: GET /.well-known/appspecific/com.chrome.devtools.json
[2026-01-25 16:01:70] INFO : Incoming request: GET /.well-known/appspecific/com.chrome.devtools.json
[2026-01-25 16:01:97] INFO : Incoming request: GET /.well-known/appspecific/com.chrome.devtools.json
[2026-01-25 16:01:67] INFO : Incoming request: GET /.well-known/appspecific/com.chrome.devtools.json
[2026-01-25 16:01:75] INFO : Incoming request: GET /.well-known/appspecific/com.chrome.devtools.json
[2026-01-25 16:01:85] INFO : Incoming request: GET /.well-known/appspecific/com.chrome.devtools.json
[2026-01-25 16:01:25] INFO : Incoming request: GET /.well-known/appspecific/com.chrome.devtools.json
[2026-01-25 16:01:99] INFO : Incoming request: GET /.well-known/appspecific/com.chrome.devtools.json
[2026-01-25 16:01:10] INFO : Incoming request: GET /.well-known/appspecific/com.chrome.devtools.json
[2026-01-25 16:01:89] INFO : Incoming request: GET /.well-known/appspecific/com.chrome.devtools.json
[2026-01-25 16:01:21] INFO : Incoming request: GET /.well-known/appspecific/com.chrome.devtools.json
[2026-01-25 16:01:37] INFO : Incoming request: GET /.well-known/appspecific/com.chrome.devtools.json
[2026-01-25 16:01:44] INFO : Incoming request: GET /.well-known/appspecific/com.chrome.devtools.json
[2026-01-25 16:01:23] INFO : Incoming request: GET /.well-known/appspecific/com.chrome.devtools.json
[2026-01-25 16:01:91] INFO : Incoming request: GET /.well-known/appspecific/com.chrome.devtools.json
[2026-01-25 16:01:08] INFO : Incoming request: GET /.well-known/appspecific/com.chrome.devtools.json
[2026-01-25 16:01:99] INFO : Incoming request: GET /.well-known/appspecific/com.chrome.devtools.json
[2026-01-25 16:01:05] INFO : Incoming request: GET /.well-known/appspecific/com.chrome.devtools.json
[2026-01-25 16:01:08] INFO : Incoming request: GET /.well-known/appspecific/com.chrome.devtools.json
[2026-01-25 16:01:06] INFO : Incoming request: GET /.well-known/appspecific/com.chrome.devtools.json
[2026-01-25 16:01:14] INFO : Incoming request: GET /.well-known/appspecific/com.chrome.devtools.json
[2026-01-25 16:01:67] INFO : Incoming request: GET /.well-known/appspecific/com.chrome.devtools.json
[2026-01-25 16:01:87] INFO : Incoming request: GET /.well-known/appspecific/com.chrome.devtools.json
[2026-01-25 16:01:11] INFO : Incoming request: GET /.well-known/appspecific/com.chrome.devtools.json
[2026-01-25 16:01:57] INFO : Incoming request: GET /.well-known/appspecific/com.chrome.devtools.json
[2026-01-25 16:01:73] INFO : Incoming request: GET /.well-known/appspecific/com.chrome.devtools.json
[2026-01-25 16:01:92] INFO : Incoming request: GET /.well-known/appspecific/com.chrome.devtools.json
[2026-01-25 16:01:63] INFO : Incoming request: GET /.well-known/appspecific/com.chrome.devtools.json
[2026-01-25 16:01:02] INFO : Incoming request: GET /.well-known/appspecific/com.chrome.devtools.json
[2026-01-25 16:01:44] INFO : Incoming request: GET /.well-known/appspecific/com.chrome.devtools.json
[2026-01-25 16:01:33] INFO : Incoming request: GET /.well-known/appspecific/com.chrome.devtools.json
[2026-01-25 16:01:10] INFO : Incoming request: GET /.well-known/appspecific/com.chrome.devtools.json
[2026-01-25 16:01:54] INFO : Incoming request: GET /.well-known/appspecific/com.chrome.devtools.json
[2026-01-25 16:01:03] INFO : Incoming request: GET /.well-known/appspecific/com.chrome.devtools.json
[2026-01-25 16:01:18] INFO : Incoming request: GET /.well-known/appspecific/com.chrome.devtools.json
[2026-01-25 16:01:34] INFO : Incoming request: GET /.well-known/appspecific/com.chrome.devtools.json
[2026-01-25 16:01:12] INFO : Incoming request: GET /.well-known/appspecific/com.chrome.devtools.json
[2026-01-25 16:01:31] INFO : Incoming request: GET /.well-known/appspecific/com.chrome.devtools.json
[2026-01-25 16:01:14] INFO : Incoming request: GET /.well-known/appspecific/com.chrome.devtools.json
[2026-01-25 16:01:91] INFO : Incoming request: GET /.well-known/appspecific/com.chrome.devtools.json
[2026-01-25 16:01:74] INFO : Incoming request: GET /.well-known/appspecific/com.chrome.devtools.json
[2026-01-25 16:01:80] INFO : Incoming request: GET /.well-known/appspecific/com.chrome.devtools.json
[2026-01-25 16:01:57] INFO : Incoming request: GET /.well-known/appspecific/com.chrome.devtools.json
[2026-01-25 16:01:81] INFO : Incoming request: GET /.well-known/appspecific/com.chrome.devtools.json
[2026-01-25 16:01:21] INFO : Incoming request: GET /.well-known/appspecific/com.chrome.devtools.json
[2026-01-25 16:01:20] INFO : Incoming request: GET /.well-known/appspecific/com.chrome.devtools.json
[2026-01-25 16:01:98] INFO : Incoming request: GET /.well-known/appspecific/com.chrome.devtools.json
[2026-01-25 16:01:99] INFO : Incoming request: GET /.well-known/appspecific/com.chrome.devtools.json
[2026-01-25 16:01:85] INFO : Incoming request: GET /.well-known/appspecific/com.chrome.devtools.json
[2026-01-25 16:01:31] INFO : Incoming request: GET /.well-known/appspecific/com.chrome.devtools.json
[2026-01-25 16:01:31] INFO : Incoming request: GET /.well-known/appspecific/com.chrome.devtools.json
[2026-01-25 16:01:59] INFO : Incoming request: GET /.well-known/appspecific/com.chrome.devtools.json
[2026-01-25 16:01:11] INFO : Incoming request: GET /.well-known/appspecific/com.chrome.devtools.json
[2026-01-25 16:01:42] INFO : Incoming request: GET /.well-known/appspecific/com.chrome.devtools.json
[2026-01-25 16:01:71] INFO : Incoming request: GET /.well-known/appspecific/com.chrome.devtools.json
[2026-01-25 16:01:87] INFO : Incoming request: GET /.well-known/appspecific/com.chrome.devtools.json
[2026-01-25 16:01:84] INFO : Incoming request: GET /.well-known/appspecific/com.chrome.devtools.json
[2026-01-25 16:01:25] INFO : Incoming request: GET /.well-known/appspecific/com.chrome.devtools.json
[2026-01-25 17:01:23] INFO : Incoming request: GET /.well-known/appspecific/com.chrome.devtools.json
[2026-01-25 17:01:19] INFO : Incoming request: GET /.well-known/appspecific/com.chrome.devtools.json
[2026-01-25 17:01:52] INFO : Incoming request: GET /.well-known/appspecific/com.chrome.devtools.json
[2026-01-25 17:01:82] INFO : Incoming request: GET /.well-known/appspecific/com.chrome.devtools.json
[2026-01-25 17:01:58] INFO : Incoming request: GET /.well-known/appspecific/com.chrome.devtools.json
[2026-01-25 17:01:51] INFO : Incoming request: GET /.well-known/appspecific/com.chrome.devtools.json
[2026-01-25 17:01:06] INFO : Incoming request: GET /.well-known/appspecific/com.chrome.devtools.json
[2026-01-25 17:01:32] INFO : Incoming request: GET /.well-known/appspecific/com.chrome.devtools.json
[2026-01-25 17:01:08] INFO : Incoming request: GET /.well-known/appspecific/com.chrome.devtools.json
[2026-01-25 17:01:24] INFO : Incoming request: GET /.well-known/appspecific/com.chrome.devtools.json
[2026-01-25 17:01:47] INFO : Incoming request: GET /.well-known/appspecific/com.chrome.devtools.json
[2026-01-25 17:01:44] INFO : Incoming request: GET /.well-known/appspecific/com.chrome.devtools.json
[2026-01-25 17:01:65] INFO : Incoming request: GET /.well-known/appspecific/com.chrome.devtools.json
[2026-01-25 17:01:87] INFO : Incoming request: GET /.well-known/appspecific/com.chrome.devtools.json
[2026-01-25 17:01:59] INFO : Incoming request: GET /.well-known/appspecific/com.chrome.devtools.json
[2026-01-25 17:01:29] INFO : Incoming request: GET /.well-known/appspecific/com.chrome.devtools.json
[2026-01-25 17:01:99] INFO : Incoming request: GET /.well-known/appspecific/com.chrome.devtools.json
[2026-01-25 17:01:47] INFO : Incoming request: GET /.well-known/appspecific/com.chrome.devtools.json
[2026-01-25 17:01:40] INFO : Incoming request: GET /.well-known/appspecific/com.chrome.devtools.json
[2026-01-25 17:01:50] INFO : Incoming request: GET /.well-known/appspecific/com.chrome.devtools.json
[2026-01-25 17:01:99] INFO : Incoming request: GET /.well-known/appspecific/com.chrome.devtools.json
[2026-01-25 17:01:52] INFO : Incoming request: GET /.well-known/appspecific/com.chrome.devtools.json
[2026-01-25 17:01:38] INFO : Incoming request: GET /.well-known/appspecific/com.chrome.devtools.json
[2026-01-25 17:01:66] INFO : Incoming request: GET /.well-known/appspecific/com.chrome.devtools.json
[2026-01-25 17:01:82] INFO : Incoming request: GET /.well-known/appspecific/com.chrome.devtools.json
[2026-01-25 17:01:19] INFO : Incoming request: GET /.well-known/appspecific/com.chrome.devtools.json
[2026-01-25 17:01:94] INFO : Incoming request: GET /.well-known/appspecific/com.chrome.devtools.json
[2026-01-25 17:01:05] INFO : Incoming request: GET /.well-known/appspecific/com.chrome.devtools.json
[2026-01-25 17:01:41] INFO : Incoming request: GET /.well-known/appspecific/com.chrome.devtools.json
[2026-01-25 17:01:09] INFO : Incoming request: GET /.well-known/appspecific/com.chrome.devtools.json
[2026-01-25 17:01:98] INFO : Incoming request: GET /.well-known/appspecific/com.chrome.devtools.json
[2026-01-25 18:01:82] INFO : Incoming request: GET /.well-known/appspecific/com.chrome.devtools.json
[2026-01-25 18:01:33] INFO : Incoming request: GET /.well-known/appspecific/com.chrome.devtools.json
[2026-01-25 18:01:50] INFO : Incoming request: GET /.well-known/appspecific/com.chrome.devtools.json
[2026-01-25 18:01:50] INFO : Incoming request: GET /.well-known/appspecific/com.chrome.devtools.json
[2026-01-25 18:01:01] INFO : Incoming request: GET /.well-known/appspecific/com.chrome.devtools.json
[2026-01-25 18:01:89] INFO : Incoming request: GET /.well-known/appspecific/com.chrome.devtools.json
[2026-01-25 18:01:29] INFO : Incoming request: GET /.well-known/appspecific/com.chrome.devtools.json
[2026-01-25 18:01:37] INFO : Incoming request: GET /.well-known/appspecific/com.chrome.devtools.json
[2026-01-25 18:01:11] INFO : Incoming request: GET /.well-known/appspecific/com.chrome.devtools.json
[2026-01-25 18:01:65] INFO : Incoming request: GET /.well-known/appspecific/com.chrome.devtools.json
[2026-01-25 18:01:36] INFO : Incoming request: GET /.well-known/appspecific/com.chrome.devtools.json
[2026-01-25 18:01:19] INFO : Incoming request: GET /.well-known/appspecific/com.chrome.devtools.json
[2026-01-25 18:01:81] INFO : Incoming request: GET /.well-known/appspecific/com.chrome.devtools.json
[2026-01-25 18:01:70] INFO : Incoming request: GET /.well-known/appspecific/com.chrome.devtools.json
[2026-01-25 18:01:31] INFO : Incoming request: GET /.well-known/appspecific/com.chrome.devtools.json
[2026-01-25 18:01:100] INFO : Incoming request: GET /.well-known/appspecific/com.chrome.devtools.json
[2026-01-25 18:01:27] INFO : Incoming request: GET /.well-known/appspecific/com.chrome.devtools.json
[2026-01-25 18:01:64] INFO : Incoming request: GET /.well-known/appspecific/com.chrome.devtools.json
[2026-01-25 18:01:73] INFO : Incoming request: GET /.well-known/appspecific/com.chrome.devtools.json
[2026-01-25 18:01:06] INFO : Incoming request: GET /.well-known/appspecific/com.chrome.devtools.json
[2026-01-25 18:01:74] INFO : Incoming request: GET /.well-known/appspecific/com.chrome.devtools.json
[2026-01-25 18:01:44] INFO : Incoming request: GET /.well-known/appspecific/com.chrome.devtools.json
[2026-01-25 18:01:10] INFO : Incoming request: GET /.well-known/appspecific/com.chrome.devtools.json
[2026-01-25 18:01:96] INFO : Incoming request: GET /.well-known/appspecific/com.chrome.devtools.json
[2026-01-25 18:01:78] INFO : Incoming request: GET /.well-known/appspecific/com.chrome.devtools.json
[2026-01-25 18:01:43] INFO : Incoming request: GET /.well-known/appspecific/com.chrome.devtools.json
[2026-01-25 18:01:26] INFO : Incoming request: GET /.well-known/appspecific/com.chrome.devtools.json
[2026-01-25 18:01:70] INFO : Incoming request: GET /.well-known/appspecific/com.chrome.devtools.json
[2026-01-25 18:01:24] INFO : Incoming request: GET /.well-known/appspecific/com.chrome.devtools.json
[2026-01-25 18:01:67] INFO : Incoming request: GET /.well-known/appspecific/com.chrome.devtools.json
[2026-01-25 18:01:50] INFO : Incoming request: GET /.well-known/appspecific/com.chrome.devtools.json
[2026-01-25 18:01:24] INFO : Incoming request: GET /.well-known/appspecific/com.chrome.devtools.json
[2026-01-25 18:01:67] INFO : Incoming request: GET /.well-known/appspecific/com.chrome.devtools.json
[2026-01-25 18:01:71] INFO : Incoming request: GET /.well-known/appspecific/com.chrome.devtools.json
[2026-01-25 18:01:01] INFO : Incoming request: GET /.well-known/appspecific/com.chrome.devtools.json
[2026-01-25 18:01:85] INFO : Incoming request: GET /.well-known/appspecific/com.chrome.devtools.json
[2026-01-25 18:01:53] INFO : Incoming request: GET /.well-known/appspecific/com.chrome.devtools.json
[2026-01-25 18:01:60] INFO : Incoming request: GET /.well-known/appspecific/com.chrome.devtools.json
[2026-01-25 18:01:77] INFO : Incoming request: GET /.well-known/appspecific/com.chrome.devtools.json
[2026-01-25 18:01:80] INFO : Incoming request: GET /.well-known/appspecific/com.chrome.devtools.json
[2026-01-25 18:01:47] INFO : Incoming request: GET /.well-known/appspecific/com.chrome.devtools.json
[2026-01-25 18:01:00] INFO : Incoming request: GET /.well-known/appspecific/com.chrome.devtools.json
[2026-01-25 18:01:61] INFO : Incoming request: GET /.well-known/appspecific/com.chrome.devtools.json
[2026-01-25 18:01:71] INFO : Incoming request: GET /.well-known/appspecific/com.chrome.devtools.json
[2026-01-25 18:01:38] INFO : Incoming request: GET /.well-known/appspecific/com.chrome.devtools.json
[2026-01-25 18:01:81] INFO : Incoming request: GET /.well-known/appspecific/com.chrome.devtools.json
[2026-01-25 18:01:37] INFO : Incoming request: GET /.well-known/appspecific/com.chrome.devtools.json
[2026-01-25 18:01:13] INFO : Incoming request: GET /.well-known/appspecific/com.chrome.devtools.json
[2026-01-25 18:01:55] INFO : Incoming request: GET /.well-known/appspecific/com.chrome.devtools.json
[2026-01-25 18:01:57] INFO : Incoming request: GET /.well-known/appspecific/com.chrome.devtools.json
[2026-01-25 18:01:26] INFO : Incoming request: GET /.well-known/appspecific/com.chrome.devtools.json
[2026-01-25 18:01:40] INFO : Incoming request: GET /.well-known/appspecific/com.chrome.devtools.json
[2026-01-25 18:01:50] INFO : Incoming request: GET /.well-known/appspecific/com.chrome.devtools.json
[2026-01-25 18:01:63] INFO : Incoming request: GET /.well-known/appspecific/com.chrome.devtools.json
[2026-01-25 18:01:70] INFO : Incoming request: GET /.well-known/appspecific/com.chrome.devtools.json
[2026-01-25 18:01:86] INFO : Incoming request: GET /.well-known/appspecific/com.chrome.devtools.json
[2026-01-25 18:01:01] INFO : Incoming request: GET /.well-known/appspecific/com.chrome.devtools.json
[2026-01-25 18:01:99] INFO : Incoming request: GET /.well-known/appspecific/com.chrome.devtools.json
[2026-01-25 18:01:18] INFO : Incoming request: GET /.well-known/appspecific/com.chrome.devtools.json
[2026-01-25 18:01:66] INFO : Incoming request: GET /.well-known/appspecific/com.chrome.devtools.json
[2026-01-25 18:01:42] INFO : Incoming request: GET /.well-known/appspecific/com.chrome.devtools.json
[2026-01-25 18:01:39] INFO : Incoming request: GET /.well-known/appspecific/com.chrome.devtools.json
[2026-01-25 18:01:28] INFO : Incoming request: GET /.well-known/appspecific/com.chrome.devtools.json
[2026-01-25 18:01:55] INFO : Incoming request: GET /.well-known/appspecific/com.chrome.devtools.json
[2026-01-25 19:01:92] INFO : Incoming request: GET /.well-known/appspecific/com.chrome.devtools.json
[2026-01-25 19:01:08] INFO : Incoming request: GET /.well-known/appspecific/com.chrome.devtools.json
[2026-01-25 19:01:46] INFO : Incoming request: GET /.well-known/appspecific/com.chrome.devtools.json
[2026-01-25 19:01:31] INFO : Incoming request: GET /.well-known/appspecific/com.chrome.devtools.json
[2026-01-25 19:01:46] INFO : Incoming request: GET /.well-known/appspecific/com.chrome.devtools.json
[2026-01-25 19:01:62] INFO : Incoming request: GET /.well-known/appspecific/com.chrome.devtools.json
[2026-01-25 19:01:93] INFO : Incoming request: GET /.well-known/appspecific/com.chrome.devtools.json
[2026-01-25 19:01:64] INFO : Incoming request: GET /.well-known/appspecific/com.chrome.devtools.json
[2026-01-25 19:01:47] INFO : Incoming request: GET /.well-known/appspecific/com.chrome.devtools.json
[2026-01-25 19:01:76] INFO : Incoming request: GET /.well-known/appspecific/com.chrome.devtools.json
[2026-01-25 19:01:07] INFO : Incoming request: GET /.well-known/appspecific/com.chrome.devtools.json
[2026-01-25 19:01:21] INFO : Incoming request: GET /.well-known/appspecific/com.chrome.devtools.json
[2026-01-25 19:01:89] INFO : Incoming request: GET /.well-known/appspecific/com.chrome.devtools.json
[2026-01-25 19:01:26] INFO : Incoming request: GET /.well-known/appspecific/com.chrome.devtools.json
[2026-01-25 19:01:60] INFO : Incoming request: GET /.well-known/appspecific/com.chrome.devtools.json
[2026-01-25 19:01:12] INFO : Incoming request: GET /.well-known/appspecific/com.chrome.devtools.json
[2026-01-25 19:01:04] INFO : Incoming request: GET /.well-known/appspecific/com.chrome.devtools.json
[2026-01-25 19:01:98] INFO : Incoming request: GET /.well-known/appspecific/com.chrome.devtools.json
[2026-01-25 19:01:55] INFO : Incoming request: GET /.well-known/appspecific/com.chrome.devtools.json
[2026-01-25 19:01:67] INFO : Incoming request: GET /.well-known/appspecific/com.chrome.devtools.json
[2026-01-25 19:01:44] INFO : Incoming request: GET /.well-known/appspecific/com.chrome.devtools.json
[2026-01-25 19:01:90] INFO : Incoming request: GET /.well-known/appspecific/com.chrome.devtools.json
[2026-01-25 19:01:31] INFO : Incoming request: GET /.well-known/appspecific/com.chrome.devtools.json
[2026-01-25 19:01:99] INFO : Incoming request: GET /.well-known/appspecific/com.chrome.devtools.json
[2026-01-25 19:01:84] INFO : Incoming request: GET /.well-known/appspecific/com.chrome.devtools.json
[2026-01-25 19:01:32] INFO : Incoming request: GET /.well-known/appspecific/com.chrome.devtools.json
[2026-01-25 19:01:21] INFO : Incoming request: GET /.well-known/appspecific/com.chrome.devtools.json
[2026-01-25 19:01:33] INFO : Incoming request: GET /.well-known/appspecific/com.chrome.devtools.json
[2026-01-25 19:01:02] INFO : Incoming request: GET /.well-known/appspecific/com.chrome.devtools.json
[2026-01-25 19:01:30] INFO : Incoming request: GET /.well-known/appspecific/com.chrome.devtools.json
[2026-01-25 19:01:38] INFO : Incoming request: GET /.well-known/appspecific/com.chrome.devtools.json
[2026-01-25 19:01:96] INFO : Incoming request: GET /.well-known/appspecific/com.chrome.devtools.json
[2026-01-25 19:01:46] INFO : Incoming request: GET /.well-known/appspecific/com.chrome.devtools.json
[2026-01-25 19:01:68] INFO : Incoming request: GET /.well-known/appspecific/com.chrome.devtools.json
[2026-01-25 19:01:66] INFO : Incoming request: GET /.well-known/appspecific/com.chrome.devtools.json
[2026-01-25 19:01:14] INFO : Incoming request: GET /.well-known/appspecific/com.chrome.devtools.json
[2026-01-25 19:01:40] INFO : Incoming request: GET /.well-known/appspecific/com.chrome.devtools.json
[2026-01-25 19:01:21] INFO : Incoming request: GET /.well-known/appspecific/com.chrome.devtools.json
[2026-01-25 19:01:24] INFO : Incoming request: GET /.well-known/appspecific/com.chrome.devtools.json
[2026-01-25 19:01:09] INFO : Incoming request: GET /.well-known/appspecific/com.chrome.devtools.json
[2026-01-25 19:01:92] INFO : Incoming request: GET /.well-known/appspecific/com.chrome.devtools.json
[2026-01-25 19:01:96] INFO : Incoming request: GET /.well-known/appspecific/com.chrome.devtools.json
[2026-01-25 19:01:01] INFO : Incoming request: GET /.well-known/appspecific/com.chrome.devtools.json
[2026-01-25 19:01:26] INFO : Incoming request: GET /.well-known/appspecific/com.chrome.devtools.json
[2026-01-25 19:01:92] INFO : Incoming request: GET /.well-known/appspecific/com.chrome.devtools.json
[2026-01-25 19:01:01] INFO : Incoming request: GET /.well-known/appspecific/com.chrome.devtools.json
[2026-01-25 19:01:06] INFO : Incoming request: GET /.well-known/appspecific/com.chrome.devtools.json
[2026-01-25 19:01:31] INFO : Incoming request: GET /.well-known/appspecific/com.chrome.devtools.json
[2026-01-25 19:01:91] INFO : Incoming request: GET /.well-known/appspecific/com.chrome.devtools.json
[2026-01-25 19:01:83] INFO : Incoming request: GET /.well-known/appspecific/com.chrome.devtools.json
[2026-01-25 19:01:14] INFO : Incoming request: GET /.well-known/appspecific/com.chrome.devtools.json
[2026-01-25 20:01:90] INFO : Incoming request: GET /.well-known/appspecific/com.chrome.devtools.json
[2026-01-25 20:01:81] INFO : Incoming request: GET /.well-known/appspecific/com.chrome.devtools.json
[2026-01-25 20:01:46] INFO : Incoming request: GET /.well-known/appspecific/com.chrome.devtools.json
[2026-01-25 20:01:54] INFO : Incoming request: GET /.well-known/appspecific/com.chrome.devtools.json
[2026-01-25 20:01:27] INFO : Incoming request: GET /.well-known/appspecific/com.chrome.devtools.json
[2026-01-25 20:01:82] INFO : Incoming request: GET /.well-known/appspecific/com.chrome.devtools.json
[2026-01-25 20:01:52] INFO : Incoming request: GET /.well-known/appspecific/com.chrome.devtools.json
[2026-01-25 20:01:39] INFO : Incoming request: GET /.well-known/appspecific/com.chrome.devtools.json
[2026-01-25 20:01:83] INFO : Incoming request: GET /.well-known/appspecific/com.chrome.devtools.json
[2026-01-25 20:01:31] INFO : Incoming request: GET /.well-known/appspecific/com.chrome.devtools.json
[2026-01-25 20:01:91] INFO : Incoming request: GET /.well-known/appspecific/com.chrome.devtools.json
[2026-01-25 20:01:49] INFO : Incoming request: GET /.well-known/appspecific/com.chrome.devtools.json
[2026-01-25 20:01:87] INFO : Incoming request: GET /.well-known/appspecific/com.chrome.devtools.json
[2026-01-25 20:01:04] INFO : Incoming request: GET /.well-known/appspecific/com.chrome.devtools.json
[2026-01-25 20:01:48] INFO : Incoming request: GET /.well-known/appspecific/com.chrome.devtools.json
[2026-01-25 20:01:07] INFO : Incoming request: GET /.well-known/appspecific/com.chrome.devtools.json
[2026-01-25 20:01:18] INFO : Incoming request: GET /.well-known/appspecific/com.chrome.devtools.json
[2026-01-25 20:01:52] INFO : Incoming request: GET /.well-known/appspecific/com.chrome.devtools.json
[2026-01-25 20:01:23] INFO : Incoming request: GET /.well-known/appspecific/com.chrome.devtools.json
[2026-01-25 20:01:70] INFO : Incoming request: GET /.well-known/appspecific/com.chrome.devtools.json
[2026-01-25 20:01:76] INFO : Incoming request: GET /.well-known/appspecific/com.chrome.devtools.json
[2026-01-25 20:01:11] INFO : Incoming request: GET /.well-known/appspecific/com.chrome.devtools.json
[2026-01-25 20:01:62] INFO : Incoming request: GET /.well-known/appspecific/com.chrome.devtools.json
[2026-01-25 20:01:66] INFO : Incoming request: GET /.well-known/appspecific/com.chrome.devtools.json
[2026-01-25 20:01:68] INFO : Incoming request: GET /.well-known/appspecific/com.chrome.devtools.json
[2026-01-25 20:01:56] INFO : Incoming request: GET /.well-known/appspecific/com.chrome.devtools.json
[2026-01-25 21:01:71] INFO : Incoming request: GET /.well-known/appspecific/com.chrome.devtools.json
[2026-01-25 21:01:05] INFO : Incoming request: GET /.well-known/appspecific/com.chrome.devtools.json
[2026-01-25 21:01:31] INFO : Incoming request: GET /.well-known/appspecific/com.chrome.devtools.json
[2026-01-25 21:01:65] INFO : Incoming request: GET /.well-known/appspecific/com.chrome.devtools.json
[2026-01-25 21:01:100] INFO : Incoming request: GET /.well-known/appspecific/com.chrome.devtools.json
[2026-01-25 21:01:55] INFO : Incoming request: GET /.well-known/appspecific/com.chrome.devtools.json
[2026-01-25 21:01:65] INFO : Incoming request: GET /.well-known/appspecific/com.chrome.devtools.json
[2026-01-25 21:01:30] INFO : Incoming request: GET /.well-known/appspecific/com.chrome.devtools.json
[2026-01-25 21:01:63] INFO : Incoming request: GET /.well-known/appspecific/com.chrome.devtools.json
[2026-01-25 21:01:09] INFO : Incoming request: GET /.well-known/appspecific/com.chrome.devtools.json
[2026-01-25 21:01:02] INFO : Incoming request: GET /.well-known/appspecific/com.chrome.devtools.json
[2026-01-25 21:01:26] INFO : Incoming request: GET /.well-known/appspecific/com.chrome.devtools.json
[2026-01-25 21:01:97] INFO : Incoming request: GET /.well-known/appspecific/com.chrome.devtools.json
[2026-01-25 21:01:75] INFO : Incoming request: GET /.well-known/appspecific/com.chrome.devtools.json
[2026-01-25 21:01:85] INFO : Incoming request: GET /.well-known/appspecific/com.chrome.devtools.json
[2026-01-25 21:01:96] INFO : Incoming request: GET /.well-known/appspecific/com.chrome.devtools.json
[2026-01-25 21:01:45] INFO : Incoming request: GET /.well-known/appspecific/com.chrome.devtools.json
[2026-01-25 21:01:24] INFO : Incoming request: GET /.well-known/appspecific/com.chrome.devtools.json
[2026-01-25 21:01:92] INFO : Incoming request: GET /.well-known/appspecific/com.chrome.devtools.json
[2026-01-26 15:01:44] INFO : Incoming request: GET /favicon.ico
[2026-01-26 15:01:97] INFO : Incoming request: GET /.well-known/appspecific/com.chrome.devtools.json
[2026-01-26 15:01:15] INFO : Incoming request: GET /.well-known/appspecific/com.chrome.devtools.json
[2026-01-26 16:01:49] INFO : Incoming request: GET /.well-known/appspecific/com.chrome.devtools.json
[2026-01-26 16:01:85] INFO : Incoming request: GET /.well-known/appspecific/com.chrome.devtools.json
[2026-01-26 16:01:39] INFO : Incoming request: GET /.well-known/appspecific/com.chrome.devtools.json
[2026-01-26 16:01:55] INFO : Incoming request: GET /.well-known/appspecific/com.chrome.devtools.json
[2026-01-26 16:01:29] INFO : Incoming request: GET /.well-known/appspecific/com.chrome.devtools.json
[2026-01-26 16:01:88] INFO : Incoming request: GET /.well-known/appspecific/com.chrome.devtools.json
[2026-01-26 16:01:67] INFO : Incoming request: GET /.well-known/appspecific/com.chrome.devtools.json
[2026-01-26 16:01:69] INFO : Incoming request: GET /.well-known/appspecific/com.chrome.devtools.json
[2026-01-26 16:01:78] INFO : Incoming request: GET /.well-known/appspecific/com.chrome.devtools.json
[2026-01-26 16:01:63] INFO : Incoming request: GET /.well-known/appspecific/com.chrome.devtools.json
[2026-01-26 16:01:73] INFO : Incoming request: GET /.well-known/appspecific/com.chrome.devtools.json
[2026-01-26 16:01:44] INFO : Incoming request: GET /.well-known/appspecific/com.chrome.devtools.json
[2026-01-26 16:01:33] INFO : Incoming request: GET /.well-known/appspecific/com.chrome.devtools.json
[2026-01-26 16:01:73] INFO : Incoming request: GET /.well-known/appspecific/com.chrome.devtools.json
[2026-01-26 16:01:19] INFO : Incoming request: GET /.well-known/appspecific/com.chrome.devtools.json
[2026-01-26 16:01:42] INFO : Incoming request: GET /.well-known/appspecific/com.chrome.devtools.json
[2026-01-26 16:01:46] INFO : Incoming request: GET /.well-known/appspecific/com.chrome.devtools.json
[2026-01-26 16:01:36] INFO : Incoming request: GET /.well-known/appspecific/com.chrome.devtools.json
[2026-01-26 16:01:55] INFO : Incoming request: GET /.well-known/appspecific/com.chrome.devtools.json
[2026-01-26 16:01:96] INFO : Incoming request: GET /.well-known/appspecific/com.chrome.devtools.json
[2026-01-26 16:01:47] INFO : Incoming request: GET /.well-known/appspecific/com.chrome.devtools.json
[2026-01-26 16:01:20] INFO : Incoming request: GET /.well-known/appspecific/com.chrome.devtools.json
[2026-01-26 17:01:71] INFO : Incoming request: GET /.well-known/appspecific/com.chrome.devtools.json
[2026-01-26 17:01:13] INFO : Incoming request: GET /.well-known/appspecific/com.chrome.devtools.json
[2026-01-26 17:01:71] INFO : Incoming request: GET /.well-known/appspecific/com.chrome.devtools.json
[2026-01-26 17:01:13] INFO : Incoming request: POST /signup
[2026-01-26 17:01:53] INFO : Incoming request: GET /.well-known/appspecific/com.chrome.devtools.json
[2026-01-26 17:01:57] INFO : Incoming request: GET /.well-known/appspecific/com.chrome.devtools.json
[2026-01-26 17:01:81] INFO : Incoming request: POST /signup
[2026-01-26 17:01:83] INFO : Signup attempt for email: asial6445@gmail.com
[2026-01-26 17:01:31] INFO : Incoming request: POST /signup
[2026-01-26 17:01:32] INFO : Signup attempt for email: asial5050@gmail.com
[2026-01-26 17:01:33] ERROR : Signup failed for asial5050@gmail.com: phone is not defined
[2026-01-26 17:01:08] INFO : Incoming request: POST /signup
[2026-01-26 17:01:10] INFO : Signup attempt for email: asial5050@gmail.com
[2026-01-26 17:01:42] INFO : User created successfully: asial5050@gmail.com
[2026-01-26 17:01:17] INFO : Incoming request: GET /.well-known/appspecific/com.chrome.devtools.json
[2026-01-26 17:01:33] INFO : Incoming request: POST /signup
[2026-01-26 17:01:34] INFO : Signup attempt for email: asial6445@gmail.com
[2026-01-26 17:01:90] INFO : Incoming request: POST /signup
[2026-01-26 17:01:91] INFO : Signup attempt for email: asial05@gmail.com
[2026-01-26 17:01:00] INFO : User created successfully: asial05@gmail.com
[2026-02-12 16:02:67] INFO : Incoming request: GET /favicon.ico
[2026-02-12 16:02:94] INFO : Incoming request: GET /.well-known/appspecific/com.chrome.devtools.json
[2026-02-12 16:02:30] INFO : Incoming request: GET /.well-known/appspecific/com.chrome.devtools.json
[2026-02-12 16:02:60] INFO : Incoming request: GET /.well-known/appspecific/com.chrome.devtools.json
[2026-02-12 16:02:94] INFO : Incoming request: GET /.well-known/appspecific/com.chrome.devtools.json
[2026-02-12 16:02:44] INFO : Incoming request: POST /signup
[2026-02-12 16:02:46] INFO : Signup attempt for email: asial6445@gmail.com
[2026-02-12 16:02:02] INFO : Incoming request: POST /signup
[2026-02-12 16:02:03] INFO : Signup attempt for email: asial145@gmail.com
[2026-02-12 16:02:17] INFO : User created successfully: asial145@gmail.com
[2026-02-12 16:02:30] INFO : Incoming request: GET /.well-known/appspecific/com.chrome.devtools.json
[2026-02-12 16:02:53] INFO : Incoming request: POST /signup
[2026-02-12 16:02:55] INFO : Signup attempt for email: asial145@gmail.com
[2026-02-12 16:02:57] INFO : Incoming request: POST /signup
[2026-02-12 16:02:58] INFO : Signup attempt for email: asial245@gmail.com
[2026-02-12 16:02:69] INFO : User created successfully: asial245@gmail.com
[2026-02-12 16:02:90] INFO : Incoming request: POST /signup
[2026-02-12 16:02:91] INFO : Signup attempt for email: asial245@gmail.com
[2026-02-12 16:02:87] INFO : Incoming request: POST /signup
[2026-02-12 16:02:87] INFO : Signup attempt for email: asial245@gmail.com
[2026-02-12 16:02:02] INFO : Incoming request: POST /signup
[2026-02-12 16:02:03] INFO : Signup attempt for email: asial245@gmail.com
[2026-02-12 16:02:26] INFO : Incoming request: POST /signup
[2026-02-12 16:02:27] INFO : Signup attempt for email: asial245@gmail.com
[2026-02-12 16:02:75] INFO : Incoming request: POST /signup
[2026-02-12 16:02:76] INFO : Signup attempt for email: asial24@gmail.com
[2026-02-12 16:02:85] INFO : User created successfully: asial24@gmail.com
